2026-04-12 17:58:26  INFO      Logging in to Robinhood...
2026-04-12 17:58:27  INFO      ADA 15m Grid Trader started | sweep=0.25 steps=48 order_pct=0.5 cm=12.0 interval=900s circuit_breaker=20%
2026-04-12 17:58:27  INFO      -- Cycle 1 (ADA) ----------------------------------------
2026-04-12 17:58:28  INFO      ADA price: $0.238255
2026-04-12 17:58:28  INFO      Starting portfolio value: $0.27
2026-04-12 17:58:33  INFO      No tracked orders -- placing initial buy grid.
2026-04-12 17:58:33  INFO        BUY  0.57 ADA @ $0.237000
2026-04-12 17:58:35  INFO        BUY  0.57 ADA @ $0.235800
2026-04-12 17:58:35  WARNING     Buy order rejected: {'non_field_errors': ["You don't have enough crypto buying power in this account to place the order. Reduce amount or deposit funds."]}
2026-04-12 17:58:36  INFO      Initial grid: 1 buy orders placed.
2026-04-12 17:58:36  INFO      State saved -- 1 tracked orders.
2026-04-12 17:58:36  INFO      Next cycle in 14.8 min

2026-04-12 18:13:27  INFO      -- Cycle 2 (ADA) ----------------------------------------
2026-04-12 18:13:28  INFO      ADA price: $0.238790
2026-04-12 18:13:33  INFO      No fills detected. 1 orders still open.
2026-04-12 18:13:33  INFO      State saved -- 1 tracked orders.
2026-04-12 18:13:33  INFO      Next cycle in 14.9 min

2026-04-12 18:28:27  INFO      -- Cycle 3 (ADA) ----------------------------------------
2026-04-12 18:28:28  INFO      ADA price: $0.238283
2026-04-12 18:28:33  INFO      No fills detected. 1 orders still open.
2026-04-12 18:28:33  INFO      State saved -- 1 tracked orders.
2026-04-12 18:28:33  INFO      Next cycle in 14.9 min

2026-04-12 18:43:27  INFO      -- Cycle 4 (ADA) ----------------------------------------
2026-04-12 18:43:28  INFO      ADA price: $0.238460
2026-04-12 18:43:33  INFO      No fills detected. 1 orders still open.
2026-04-12 18:43:33  INFO      State saved -- 1 tracked orders.
2026-04-12 18:43:33  INFO      Next cycle in 14.9 min

2026-04-12 18:58:27  INFO      -- Cycle 5 (ADA) ----------------------------------------
2026-04-12 18:58:28  INFO      ADA price: $0.238594
2026-04-12 18:58:34  INFO      No fills detected. 1 orders still open.
2026-04-12 18:58:34  INFO      State saved -- 1 tracked orders.
2026-04-12 18:58:34  INFO      Next cycle in 14.9 min

2026-04-12 19:13:27  INFO      -- Cycle 6 (ADA) ----------------------------------------
2026-04-12 19:13:28  INFO      ADA price: $0.237165
2026-04-12 19:13:33  INFO      No fills detected. 1 orders still open.
2026-04-12 19:13:33  INFO      State saved -- 1 tracked orders.
2026-04-12 19:13:33  INFO      Next cycle in 14.9 min

2026-04-12 19:28:27  INFO      -- Cycle 7 (ADA) ----------------------------------------
2026-04-12 19:28:28  INFO      ADA price: $0.237966
2026-04-12 19:28:33  INFO      No fills detected. 1 orders still open.
2026-04-12 19:28:33  INFO      State saved -- 1 tracked orders.
2026-04-12 19:28:33  INFO      Next cycle in 14.9 min

2026-04-12 19:43:27  INFO      -- Cycle 8 (ADA) ----------------------------------------
2026-04-12 19:43:28  INFO      ADA price: $0.237209
2026-04-12 19:43:33  INFO      No fills detected. 1 orders still open.
2026-04-12 19:43:33  INFO      State saved -- 1 tracked orders.
2026-04-12 19:43:33  INFO      Next cycle in 14.9 min

2026-04-12 19:58:27  INFO      -- Cycle 9 (ADA) ----------------------------------------
2026-04-12 19:58:28  INFO      ADA price: $0.236987
2026-04-12 19:58:33  INFO      No fills detected. 1 orders still open.
2026-04-12 19:58:33  INFO      State saved -- 1 tracked orders.
2026-04-12 19:58:33  INFO      Next cycle in 14.9 min

2026-04-12 20:13:27  INFO      -- Cycle 10 (ADA) ----------------------------------------
2026-04-12 20:13:28  INFO      ADA price: $0.237205
2026-04-12 20:13:33  INFO      No fills detected. 1 orders still open.
2026-04-12 20:13:33  INFO      State saved -- 1 tracked orders.
2026-04-12 20:13:33  INFO      Next cycle in 14.9 min

2026-04-12 20:28:27  INFO      -- Cycle 11 (ADA) ----------------------------------------
2026-04-12 20:28:28  INFO      ADA price: $0.237837
2026-04-12 20:28:33  INFO      No fills detected. 1 orders still open.
2026-04-12 20:28:33  INFO      State saved -- 1 tracked orders.
2026-04-12 20:28:33  INFO      Next cycle in 14.9 min

2026-04-12 20:43:27  INFO      -- Cycle 12 (ADA) ----------------------------------------
2026-04-12 20:43:28  INFO      ADA price: $0.238132
2026-04-12 20:43:34  INFO      No fills detected. 1 orders still open.
2026-04-12 20:43:34  INFO      State saved -- 1 tracked orders.
2026-04-12 20:43:34  INFO      Next cycle in 14.9 min

2026-04-12 20:58:27  INFO      -- Cycle 13 (ADA) ----------------------------------------
2026-04-12 20:58:28  INFO      ADA price: $0.238340
2026-04-12 20:58:33  INFO      No fills detected. 1 orders still open.
2026-04-12 20:58:33  INFO      State saved -- 1 tracked orders.
2026-04-12 20:58:33  INFO      Next cycle in 14.9 min

2026-04-12 21:13:27  INFO      -- Cycle 14 (ADA) ----------------------------------------
2026-04-12 21:13:28  INFO      ADA price: $0.238336
2026-04-12 21:13:33  INFO      No fills detected. 1 orders still open.
2026-04-12 21:13:33  INFO      State saved -- 1 tracked orders.
2026-04-12 21:13:33  INFO      Next cycle in 14.9 min

2026-04-12 21:28:27  INFO      -- Cycle 15 (ADA) ----------------------------------------
2026-04-12 21:28:28  INFO      ADA price: $0.238600
2026-04-12 21:28:34  INFO      No fills detected. 1 orders still open.
2026-04-12 21:28:34  INFO      State saved -- 1 tracked orders.
2026-04-12 21:28:34  INFO      Next cycle in 14.9 min

2026-04-12 21:43:27  INFO      -- Cycle 16 (ADA) ----------------------------------------
2026-04-12 21:43:28  INFO      ADA price: $0.239043
2026-04-12 21:43:33  INFO      No fills detected. 1 orders still open.
2026-04-12 21:43:33  INFO      State saved -- 1 tracked orders.
2026-04-12 21:43:33  INFO      Next cycle in 14.9 min

2026-04-12 21:58:27  INFO      -- Cycle 17 (ADA) ----------------------------------------
2026-04-12 21:58:28  INFO      ADA price: $0.237952
2026-04-12 21:58:33  INFO      No fills detected. 1 orders still open.
2026-04-12 21:58:33  INFO      State saved -- 1 tracked orders.
2026-04-12 21:58:33  INFO      Next cycle in 14.9 min

2026-04-12 22:13:27  INFO      -- Cycle 18 (ADA) ----------------------------------------
2026-04-12 22:13:28  INFO      ADA price: $0.237556
2026-04-12 22:13:33  INFO      No fills detected. 1 orders still open.
2026-04-12 22:13:33  INFO      State saved -- 1 tracked orders.
2026-04-12 22:13:33  INFO      Next cycle in 14.9 min

2026-04-12 22:28:27  INFO      -- Cycle 19 (ADA) ----------------------------------------
2026-04-12 22:28:28  INFO      ADA price: $0.238249
2026-04-12 22:28:33  INFO      No fills detected. 1 orders still open.
2026-04-12 22:28:33  INFO      State saved -- 1 tracked orders.
2026-04-12 22:28:33  INFO      Next cycle in 14.9 min

2026-04-12 22:43:27  INFO      -- Cycle 20 (ADA) ----------------------------------------
2026-04-12 22:43:28  INFO      ADA price: $0.237563
2026-04-12 22:43:33  INFO      No fills detected. 1 orders still open.
2026-04-12 22:43:33  INFO      State saved -- 1 tracked orders.
2026-04-12 22:43:33  INFO      Next cycle in 14.9 min

2026-04-12 22:58:27  INFO      -- Cycle 21 (ADA) ----------------------------------------
2026-04-12 22:58:28  INFO      ADA price: $0.237951
2026-04-12 22:58:33  INFO      No fills detected. 1 orders still open.
2026-04-12 22:58:33  INFO      State saved -- 1 tracked orders.
2026-04-12 22:58:33  INFO      Next cycle in 14.9 min

2026-04-12 23:13:27  INFO      -- Cycle 22 (ADA) ----------------------------------------
2026-04-12 23:13:28  INFO      ADA price: $0.238776
2026-04-12 23:13:33  INFO      No fills detected. 1 orders still open.
2026-04-12 23:13:33  INFO      State saved -- 1 tracked orders.
2026-04-12 23:13:33  INFO      Next cycle in 14.9 min

2026-04-12 23:28:27  INFO      -- Cycle 23 (ADA) ----------------------------------------
2026-04-12 23:28:28  INFO      ADA price: $0.239653
2026-04-12 23:28:34  INFO      No fills detected. 1 orders still open.
2026-04-12 23:28:34  INFO      State saved -- 1 tracked orders.
2026-04-12 23:28:34  INFO      Next cycle in 14.9 min

2026-04-12 23:43:27  INFO      -- Cycle 24 (ADA) ----------------------------------------
2026-04-12 23:43:28  INFO      ADA price: $0.239004
2026-04-12 23:43:33  INFO      No fills detected. 1 orders still open.
2026-04-12 23:43:33  INFO      State saved -- 1 tracked orders.
2026-04-12 23:43:33  INFO      Next cycle in 14.9 min

2026-04-12 23:58:27  INFO      -- Cycle 25 (ADA) ----------------------------------------
2026-04-12 23:58:28  INFO      ADA price: $0.239460
2026-04-12 23:58:33  INFO      No fills detected. 1 orders still open.
2026-04-12 23:58:33  INFO      State saved -- 1 tracked orders.
2026-04-12 23:58:33  INFO      Next cycle in 14.9 min

2026-04-13 00:13:27  INFO      -- Cycle 26 (ADA) ----------------------------------------
2026-04-13 00:13:28  INFO      ADA price: $0.238973
2026-04-13 00:13:33  INFO      No fills detected. 1 orders still open.
2026-04-13 00:13:33  INFO      State saved -- 1 tracked orders.
2026-04-13 00:13:33  INFO      Next cycle in 14.9 min

2026-04-13 00:28:27  INFO      -- Cycle 27 (ADA) ----------------------------------------
2026-04-13 00:28:28  INFO      ADA price: $0.238277
2026-04-13 00:28:33  INFO      No fills detected. 1 orders still open.
2026-04-13 00:28:33  INFO      State saved -- 1 tracked orders.
2026-04-13 00:28:33  INFO      Next cycle in 14.9 min

2026-04-13 00:43:27  INFO      -- Cycle 28 (ADA) ----------------------------------------
2026-04-13 00:43:28  INFO      ADA price: $0.238268
2026-04-13 00:43:33  INFO      No fills detected. 1 orders still open.
2026-04-13 00:43:33  INFO      State saved -- 1 tracked orders.
2026-04-13 00:43:33  INFO      Next cycle in 14.9 min

2026-04-13 00:58:27  INFO      -- Cycle 29 (ADA) ----------------------------------------
2026-04-13 00:58:28  INFO      ADA price: $0.238315
2026-04-13 00:58:33  INFO      No fills detected. 1 orders still open.
2026-04-13 00:58:33  INFO      State saved -- 1 tracked orders.
2026-04-13 00:58:33  INFO      Next cycle in 14.9 min

2026-04-13 01:13:27  INFO      -- Cycle 30 (ADA) ----------------------------------------
2026-04-13 01:13:28  INFO      ADA price: $0.238477
2026-04-13 01:13:34  INFO      No fills detected. 1 orders still open.
2026-04-13 01:13:34  INFO      State saved -- 1 tracked orders.
2026-04-13 01:13:34  INFO      Next cycle in 14.9 min

2026-04-13 01:28:27  INFO      -- Cycle 31 (ADA) ----------------------------------------
2026-04-13 01:28:28  INFO      ADA price: $0.237968
2026-04-13 01:28:33  INFO      No fills detected. 1 orders still open.
2026-04-13 01:28:33  INFO      State saved -- 1 tracked orders.
2026-04-13 01:28:33  INFO      Next cycle in 14.9 min

2026-04-13 01:43:27  INFO      -- Cycle 32 (ADA) ----------------------------------------
2026-04-13 01:43:28  INFO      ADA price: $0.238072
2026-04-13 01:43:34  INFO      No fills detected. 1 orders still open.
2026-04-13 01:43:34  INFO      State saved -- 1 tracked orders.
2026-04-13 01:43:34  INFO      Next cycle in 14.9 min

2026-04-13 01:58:27  INFO      -- Cycle 33 (ADA) ----------------------------------------
2026-04-13 01:58:28  INFO      ADA price: $0.238331
2026-04-13 01:58:33  INFO      No fills detected. 1 orders still open.
2026-04-13 01:58:33  INFO      State saved -- 1 tracked orders.
2026-04-13 01:58:33  INFO      Next cycle in 14.9 min

2026-04-13 02:13:27  INFO      -- Cycle 34 (ADA) ----------------------------------------
2026-04-13 02:13:28  INFO      ADA price: $0.238872
2026-04-13 02:13:33  INFO      No fills detected. 1 orders still open.
2026-04-13 02:13:33  INFO      State saved -- 1 tracked orders.
2026-04-13 02:13:33  INFO      Next cycle in 14.9 min

2026-04-13 02:28:27  INFO      -- Cycle 35 (ADA) ----------------------------------------
2026-04-13 02:28:28  INFO      ADA price: $0.239164
2026-04-13 02:28:34  INFO      No fills detected. 1 orders still open.
2026-04-13 02:28:34  INFO      State saved -- 1 tracked orders.
2026-04-13 02:28:34  INFO      Next cycle in 14.9 min

2026-04-13 02:43:27  INFO      -- Cycle 36 (ADA) ----------------------------------------
2026-04-13 02:43:28  INFO      ADA price: $0.238475
2026-04-13 02:43:34  INFO      No fills detected. 1 orders still open.
2026-04-13 02:43:34  INFO      State saved -- 1 tracked orders.
2026-04-13 02:43:34  INFO      Next cycle in 14.9 min

2026-04-13 02:58:27  INFO      -- Cycle 37 (ADA) ----------------------------------------
2026-04-13 02:58:29  INFO      ADA price: $0.238598
2026-04-13 02:58:34  INFO      No fills detected. 1 orders still open.
2026-04-13 02:58:34  INFO      State saved -- 1 tracked orders.
2026-04-13 02:58:34  INFO      Next cycle in 14.9 min

2026-04-13 03:13:27  INFO      -- Cycle 38 (ADA) ----------------------------------------
2026-04-13 03:13:28  INFO      ADA price: $0.238472
2026-04-13 03:13:32  INFO      No fills detected. 1 orders still open.
2026-04-13 03:13:32  INFO      State saved -- 1 tracked orders.
2026-04-13 03:13:32  INFO      Next cycle in 14.9 min

2026-04-13 03:28:27  INFO      -- Cycle 39 (ADA) ----------------------------------------
2026-04-13 03:28:28  INFO      ADA price: $0.238239
2026-04-13 03:28:34  INFO      No fills detected. 1 orders still open.
2026-04-13 03:28:34  INFO      State saved -- 1 tracked orders.
2026-04-13 03:28:34  INFO      Next cycle in 14.9 min

2026-04-13 03:43:27  INFO      -- Cycle 40 (ADA) ----------------------------------------
2026-04-13 03:43:28  INFO      ADA price: $0.238278
2026-04-13 03:43:34  INFO      No fills detected. 1 orders still open.
2026-04-13 03:43:34  INFO      State saved -- 1 tracked orders.
2026-04-13 03:43:34  INFO      Next cycle in 14.9 min

2026-04-13 03:58:27  INFO      -- Cycle 41 (ADA) ----------------------------------------
2026-04-13 03:58:28  INFO      ADA price: $0.237852
2026-04-13 03:58:34  INFO      No fills detected. 1 orders still open.
2026-04-13 03:58:34  INFO      State saved -- 1 tracked orders.
2026-04-13 03:58:34  INFO      Next cycle in 14.9 min

2026-04-13 04:13:27  INFO      -- Cycle 42 (ADA) ----------------------------------------
2026-04-13 04:13:28  INFO      ADA price: $0.238127
2026-04-13 04:13:34  INFO      No fills detected. 1 orders still open.
2026-04-13 04:13:34  INFO      State saved -- 1 tracked orders.
2026-04-13 04:13:34  INFO      Next cycle in 14.9 min

2026-04-13 04:28:27  INFO      -- Cycle 43 (ADA) ----------------------------------------
2026-04-13 04:28:28  INFO      ADA price: $0.238384
2026-04-13 04:28:33  INFO      No fills detected. 1 orders still open.
2026-04-13 04:28:33  INFO      State saved -- 1 tracked orders.
2026-04-13 04:28:33  INFO      Next cycle in 14.9 min

2026-04-13 04:43:27  INFO      -- Cycle 44 (ADA) ----------------------------------------
2026-04-13 04:43:28  INFO      ADA price: $0.238485
2026-04-13 04:43:33  INFO      No fills detected. 1 orders still open.
2026-04-13 04:43:33  INFO      State saved -- 1 tracked orders.
2026-04-13 04:43:33  INFO      Next cycle in 14.9 min

2026-04-13 04:58:27  INFO      -- Cycle 45 (ADA) ----------------------------------------
2026-04-13 04:58:28  INFO      ADA price: $0.238466
2026-04-13 04:58:33  INFO      No fills detected. 1 orders still open.
2026-04-13 04:58:33  INFO      State saved -- 1 tracked orders.
2026-04-13 04:58:33  INFO      Next cycle in 14.9 min

2026-04-13 05:13:27  INFO      -- Cycle 46 (ADA) ----------------------------------------
2026-04-13 05:13:28  INFO      ADA price: $0.239174
2026-04-13 05:13:33  INFO      No fills detected. 1 orders still open.
2026-04-13 05:13:33  INFO      State saved -- 1 tracked orders.
2026-04-13 05:13:33  INFO      Next cycle in 14.9 min

2026-04-13 05:28:27  INFO      -- Cycle 47 (ADA) ----------------------------------------
2026-04-13 05:28:28  INFO      ADA price: $0.238749
2026-04-13 05:28:34  INFO      No fills detected. 1 orders still open.
2026-04-13 05:28:34  INFO      State saved -- 1 tracked orders.
2026-04-13 05:28:34  INFO      Next cycle in 14.9 min

2026-04-13 05:43:27  INFO      -- Cycle 48 (ADA) ----------------------------------------
2026-04-13 05:43:28  INFO      ADA price: $0.238809
2026-04-13 05:43:34  INFO      No fills detected. 1 orders still open.
2026-04-13 05:43:34  INFO      State saved -- 1 tracked orders.
2026-04-13 05:43:34  INFO      Next cycle in 14.9 min

2026-04-13 05:58:27  INFO      -- Cycle 49 (ADA) ----------------------------------------
2026-04-13 05:58:28  INFO      ADA price: $0.241044
2026-04-13 05:58:34  INFO      No fills detected. 1 orders still open.
2026-04-13 05:58:34  INFO      State saved -- 1 tracked orders.
2026-04-13 05:58:34  INFO      Next cycle in 14.9 min

2026-04-13 06:13:27  INFO      -- Cycle 50 (ADA) ----------------------------------------
2026-04-13 06:13:28  INFO      ADA price: $0.240689
2026-04-13 06:13:34  INFO      No fills detected. 1 orders still open.
2026-04-13 06:13:34  INFO      State saved -- 1 tracked orders.
2026-04-13 06:13:34  INFO      Next cycle in 14.9 min

2026-04-13 06:28:27  INFO      -- Cycle 51 (ADA) ----------------------------------------
2026-04-13 06:28:29  INFO      ADA price: $0.240441
2026-04-13 06:28:33  INFO      No fills detected. 1 orders still open.
2026-04-13 06:28:33  INFO      State saved -- 1 tracked orders.
2026-04-13 06:28:33  INFO      Next cycle in 14.9 min

2026-04-13 06:43:27  INFO      -- Cycle 52 (ADA) ----------------------------------------
2026-04-13 06:43:29  INFO      ADA price: $0.240027
2026-04-13 06:43:34  INFO      No fills detected. 1 orders still open.
2026-04-13 06:43:34  INFO      State saved -- 1 tracked orders.
2026-04-13 06:43:34  INFO      Next cycle in 14.9 min

2026-04-13 06:58:27  INFO      -- Cycle 53 (ADA) ----------------------------------------
2026-04-13 06:58:28  INFO      ADA price: $0.242667
2026-04-13 06:58:34  INFO      No fills detected. 1 orders still open.
2026-04-13 06:58:34  INFO      State saved -- 1 tracked orders.
2026-04-13 06:58:34  INFO      Next cycle in 14.9 min

2026-04-13 07:13:27  INFO      -- Cycle 54 (ADA) ----------------------------------------
2026-04-13 07:13:28  INFO      ADA price: $0.241329
2026-04-13 07:13:33  INFO      No fills detected. 1 orders still open.
2026-04-13 07:13:33  INFO      State saved -- 1 tracked orders.
2026-04-13 07:13:33  INFO      Next cycle in 14.9 min

2026-04-13 07:28:27  INFO      -- Cycle 55 (ADA) ----------------------------------------
2026-04-13 07:28:28  INFO      ADA price: $0.241563
2026-04-13 07:28:33  INFO      No fills detected. 1 orders still open.
2026-04-13 07:28:33  INFO      State saved -- 1 tracked orders.
2026-04-13 07:28:33  INFO      Next cycle in 14.9 min

2026-04-13 07:43:27  INFO      -- Cycle 56 (ADA) ----------------------------------------
2026-04-13 07:43:29  INFO      ADA price: $0.241828
2026-04-13 07:43:35  INFO      No fills detected. 1 orders still open.
2026-04-13 07:43:35  INFO      State saved -- 1 tracked orders.
2026-04-13 07:43:35  INFO      Next cycle in 14.9 min

2026-04-13 07:58:27  INFO      -- Cycle 57 (ADA) ----------------------------------------
2026-04-13 07:58:28  INFO      ADA price: $0.242715
2026-04-13 07:58:33  INFO      No fills detected. 1 orders still open.
2026-04-13 07:58:33  INFO      State saved -- 1 tracked orders.
2026-04-13 07:58:33  INFO      Next cycle in 14.9 min

2026-04-13 08:13:27  INFO      -- Cycle 58 (ADA) ----------------------------------------
2026-04-13 08:13:29  INFO      ADA price: $0.241166
2026-04-13 08:13:33  INFO      No fills detected. 1 orders still open.
2026-04-13 08:13:33  INFO      State saved -- 1 tracked orders.
2026-04-13 08:13:33  INFO      Next cycle in 14.9 min

2026-04-13 08:28:27  INFO      -- Cycle 59 (ADA) ----------------------------------------
2026-04-13 08:28:29  INFO      ADA price: $0.240474
2026-04-13 08:28:34  INFO      No fills detected. 1 orders still open.
2026-04-13 08:28:34  INFO      State saved -- 1 tracked orders.
2026-04-13 08:28:34  INFO      Next cycle in 14.9 min

2026-04-13 08:43:27  INFO      -- Cycle 60 (ADA) ----------------------------------------
2026-04-13 08:43:29  INFO      ADA price: $0.239610
2026-04-13 08:43:34  INFO      No fills detected. 1 orders still open.
2026-04-13 08:43:34  INFO      State saved -- 1 tracked orders.
2026-04-13 08:43:34  INFO      Next cycle in 14.9 min

2026-04-13 08:58:27  INFO      -- Cycle 61 (ADA) ----------------------------------------
2026-04-13 08:58:29  INFO      ADA price: $0.239647
2026-04-13 08:58:34  INFO      No fills detected. 1 orders still open.
2026-04-13 08:58:34  INFO      State saved -- 1 tracked orders.
2026-04-13 08:58:34  INFO      Next cycle in 14.9 min

2026-04-13 09:13:27  INFO      -- Cycle 62 (ADA) ----------------------------------------
2026-04-13 09:13:29  INFO      ADA price: $0.239460
2026-04-13 09:13:34  INFO      No fills detected. 1 orders still open.
2026-04-13 09:13:34  INFO      State saved -- 1 tracked orders.
2026-04-13 09:13:34  INFO      Next cycle in 14.9 min

2026-04-13 09:28:27  INFO      -- Cycle 63 (ADA) ----------------------------------------
2026-04-13 09:28:29  INFO      ADA price: $0.239991
2026-04-13 09:28:34  INFO      No fills detected. 1 orders still open.
2026-04-13 09:28:34  INFO      State saved -- 1 tracked orders.
2026-04-13 09:28:34  INFO      Next cycle in 14.9 min

2026-04-13 09:43:27  INFO      -- Cycle 64 (ADA) ----------------------------------------
2026-04-13 09:43:29  INFO      ADA price: $0.240004
2026-04-13 09:43:34  INFO      No fills detected. 1 orders still open.
2026-04-13 09:43:34  INFO      State saved -- 1 tracked orders.
2026-04-13 09:43:34  INFO      Next cycle in 14.9 min

2026-04-13 09:58:27  INFO      -- Cycle 65 (ADA) ----------------------------------------
2026-04-13 09:58:29  INFO      ADA price: $0.239588
2026-04-13 09:58:34  INFO      No fills detected. 1 orders still open.
2026-04-13 09:58:34  INFO      State saved -- 1 tracked orders.
2026-04-13 09:58:34  INFO      Next cycle in 14.9 min

2026-04-13 10:13:27  INFO      -- Cycle 66 (ADA) ----------------------------------------
2026-04-13 10:13:29  INFO      ADA price: $0.239185
2026-04-13 10:13:35  INFO      No fills detected. 1 orders still open.
2026-04-13 10:13:35  INFO      State saved -- 1 tracked orders.
2026-04-13 10:13:35  INFO      Next cycle in 14.9 min

2026-04-13 10:28:28  INFO      -- Cycle 67 (ADA) ----------------------------------------
2026-04-13 10:28:29  INFO      ADA price: $0.239888
2026-04-13 10:28:34  INFO      No fills detected. 1 orders still open.
2026-04-13 10:28:34  INFO      State saved -- 1 tracked orders.
2026-04-13 10:28:34  INFO      Next cycle in 14.9 min

2026-04-13 10:43:28  INFO      -- Cycle 68 (ADA) ----------------------------------------
2026-04-13 10:43:29  INFO      ADA price: $0.239895
2026-04-13 10:43:34  INFO      No fills detected. 1 orders still open.
2026-04-13 10:43:34  INFO      State saved -- 1 tracked orders.
2026-04-13 10:43:34  INFO      Next cycle in 14.9 min

2026-04-13 10:58:28  INFO      -- Cycle 69 (ADA) ----------------------------------------
2026-04-13 10:58:29  INFO      ADA price: $0.238590
2026-04-13 10:58:35  INFO      No fills detected. 1 orders still open.
2026-04-13 10:58:35  INFO      State saved -- 1 tracked orders.
2026-04-13 10:58:35  INFO      Next cycle in 14.9 min

2026-04-13 11:13:28  INFO      -- Cycle 70 (ADA) ----------------------------------------
2026-04-13 11:13:29  INFO      ADA price: $0.238412
2026-04-13 11:13:34  INFO      No fills detected. 1 orders still open.
2026-04-13 11:13:34  INFO      State saved -- 1 tracked orders.
2026-04-13 11:13:34  INFO      Next cycle in 14.9 min

2026-04-13 11:28:28  INFO      -- Cycle 71 (ADA) ----------------------------------------
2026-04-13 11:28:29  INFO      ADA price: $0.237804
2026-04-13 11:28:34  INFO      No fills detected. 1 orders still open.
2026-04-13 11:28:34  INFO      State saved -- 1 tracked orders.
2026-04-13 11:28:34  INFO      Next cycle in 14.9 min

2026-04-13 11:43:28  INFO      -- Cycle 72 (ADA) ----------------------------------------
2026-04-13 11:43:29  INFO      ADA price: $0.238224
2026-04-13 11:43:34  INFO      No fills detected. 1 orders still open.
2026-04-13 11:43:34  INFO      State saved -- 1 tracked orders.
2026-04-13 11:43:34  INFO      Next cycle in 14.9 min

2026-04-13 11:58:28  INFO      -- Cycle 73 (ADA) ----------------------------------------
2026-04-13 11:58:29  INFO      ADA price: $0.239154
2026-04-13 11:58:33  INFO      No fills detected. 1 orders still open.
2026-04-13 11:58:33  INFO      State saved -- 1 tracked orders.
2026-04-13 11:58:33  INFO      Next cycle in 14.9 min

2026-04-13 12:13:28  INFO      -- Cycle 74 (ADA) ----------------------------------------
2026-04-13 12:13:29  INFO      ADA price: $0.238972
2026-04-13 12:13:35  INFO      No fills detected. 1 orders still open.
2026-04-13 12:13:35  INFO      State saved -- 1 tracked orders.
2026-04-13 12:13:35  INFO      Next cycle in 14.9 min

2026-04-13 12:28:28  INFO      -- Cycle 75 (ADA) ----------------------------------------
2026-04-13 12:28:29  INFO      ADA price: $0.240520
2026-04-13 12:28:34  INFO      No fills detected. 1 orders still open.
2026-04-13 12:28:34  INFO      State saved -- 1 tracked orders.
2026-04-13 12:28:34  INFO      Next cycle in 14.9 min

2026-04-13 12:43:28  INFO      -- Cycle 76 (ADA) ----------------------------------------
2026-04-13 12:43:29  INFO      ADA price: $0.240532
2026-04-13 12:43:34  INFO      No fills detected. 1 orders still open.
2026-04-13 12:43:34  INFO      State saved -- 1 tracked orders.
2026-04-13 12:43:34  INFO      Next cycle in 14.9 min

2026-04-13 12:58:28  INFO      -- Cycle 77 (ADA) ----------------------------------------
2026-04-13 12:58:29  INFO      ADA price: $0.241841
2026-04-13 12:58:34  INFO      No fills detected. 1 orders still open.
2026-04-13 12:58:34  INFO      State saved -- 1 tracked orders.
2026-04-13 12:58:34  INFO      Next cycle in 14.9 min

2026-04-13 13:13:28  INFO      -- Cycle 78 (ADA) ----------------------------------------
2026-04-13 13:13:29  INFO      ADA price: $0.240938
2026-04-13 13:13:35  INFO      No fills detected. 1 orders still open.
2026-04-13 13:13:35  INFO      State saved -- 1 tracked orders.
2026-04-13 13:13:35  INFO      Next cycle in 14.9 min

2026-04-13 13:28:28  INFO      -- Cycle 79 (ADA) ----------------------------------------
2026-04-13 13:28:29  INFO      ADA price: $0.240360
2026-04-13 13:28:34  INFO      No fills detected. 1 orders still open.
2026-04-13 13:28:34  INFO      State saved -- 1 tracked orders.
2026-04-13 13:28:34  INFO      Next cycle in 14.9 min

2026-04-13 13:43:28  INFO      -- Cycle 80 (ADA) ----------------------------------------
2026-04-13 13:43:29  INFO      ADA price: $0.240712
2026-04-13 13:43:34  INFO      No fills detected. 1 orders still open.
2026-04-13 13:43:34  INFO      State saved -- 1 tracked orders.
2026-04-13 13:43:34  INFO      Next cycle in 14.9 min

2026-04-13 13:58:28  INFO      -- Cycle 81 (ADA) ----------------------------------------
2026-04-13 13:58:29  INFO      ADA price: $0.239759
2026-04-13 13:58:34  INFO      No fills detected. 1 orders still open.
2026-04-13 13:58:34  INFO      State saved -- 1 tracked orders.
2026-04-13 13:58:34  INFO      Next cycle in 14.9 min

2026-04-13 14:13:28  INFO      -- Cycle 82 (ADA) ----------------------------------------
2026-04-13 14:13:29  INFO      ADA price: $0.240399
2026-04-13 14:13:34  INFO      No fills detected. 1 orders still open.
2026-04-13 14:13:34  INFO      State saved -- 1 tracked orders.
2026-04-13 14:13:34  INFO      Next cycle in 14.9 min

2026-04-13 14:28:28  INFO      -- Cycle 83 (ADA) ----------------------------------------
2026-04-13 14:28:29  INFO      ADA price: $0.240418
2026-04-13 14:28:34  INFO      No fills detected. 1 orders still open.
2026-04-13 14:28:34  INFO      State saved -- 1 tracked orders.
2026-04-13 14:28:34  INFO      Next cycle in 14.9 min

2026-04-13 14:43:28  INFO      -- Cycle 84 (ADA) ----------------------------------------
2026-04-13 14:43:29  INFO      ADA price: $0.240668
2026-04-13 14:43:35  INFO      No fills detected. 1 orders still open.
2026-04-13 14:43:35  INFO      State saved -- 1 tracked orders.
2026-04-13 14:43:35  INFO      Next cycle in 14.9 min

2026-04-13 14:58:28  INFO      -- Cycle 85 (ADA) ----------------------------------------
2026-04-13 14:58:29  INFO      ADA price: $0.240737
2026-04-13 14:58:35  INFO      No fills detected. 1 orders still open.
2026-04-13 14:58:35  INFO      State saved -- 1 tracked orders.
2026-04-13 14:58:35  INFO      Next cycle in 14.9 min

2026-04-13 15:13:28  INFO      -- Cycle 86 (ADA) ----------------------------------------
2026-04-13 15:13:29  INFO      ADA price: $0.241311
2026-04-13 15:13:34  INFO      No fills detected. 1 orders still open.
2026-04-13 15:13:34  INFO      State saved -- 1 tracked orders.
2026-04-13 15:13:34  INFO      Next cycle in 14.9 min

2026-04-13 15:28:28  INFO      -- Cycle 87 (ADA) ----------------------------------------
2026-04-13 15:28:29  INFO      ADA price: $0.246245
2026-04-13 15:28:34  INFO      No fills detected. 1 orders still open.
2026-04-13 15:28:34  INFO      State saved -- 1 tracked orders.
2026-04-13 15:28:34  INFO      Next cycle in 14.9 min

2026-04-13 15:43:28  INFO      -- Cycle 88 (ADA) ----------------------------------------
2026-04-13 15:43:29  INFO      ADA price: $0.246469
2026-04-13 15:43:35  INFO      No fills detected. 1 orders still open.
2026-04-13 15:43:35  INFO      State saved -- 1 tracked orders.
2026-04-13 15:43:35  INFO      Next cycle in 14.9 min

2026-04-13 15:58:28  INFO      -- Cycle 89 (ADA) ----------------------------------------
2026-04-13 15:58:29  INFO      ADA price: $0.247708
2026-04-13 15:58:35  INFO      No fills detected. 1 orders still open.
2026-04-13 15:58:35  INFO      State saved -- 1 tracked orders.
2026-04-13 15:58:35  INFO      Next cycle in 14.9 min

2026-04-13 16:13:28  INFO      -- Cycle 90 (ADA) ----------------------------------------
2026-04-13 16:13:29  INFO      ADA price: $0.247802
2026-04-13 16:13:34  INFO      No fills detected. 1 orders still open.
2026-04-13 16:13:34  INFO      State saved -- 1 tracked orders.
2026-04-13 16:13:34  INFO      Next cycle in 14.9 min

2026-04-13 16:28:28  INFO      -- Cycle 91 (ADA) ----------------------------------------
2026-04-13 16:28:29  INFO      ADA price: $0.247760
2026-04-13 16:28:36  INFO      No fills detected. 1 orders still open.
2026-04-13 16:28:36  INFO      State saved -- 1 tracked orders.
2026-04-13 16:28:36  INFO      Next cycle in 14.9 min

2026-04-13 16:43:28  INFO      -- Cycle 92 (ADA) ----------------------------------------
2026-04-13 16:43:29  INFO      ADA price: $0.248914
2026-04-13 16:43:35  INFO      No fills detected. 1 orders still open.
2026-04-13 16:43:35  INFO      State saved -- 1 tracked orders.
2026-04-13 16:43:35  INFO      Next cycle in 14.9 min

2026-04-13 16:58:28  INFO      -- Cycle 93 (ADA) ----------------------------------------
2026-04-13 16:58:29  INFO      ADA price: $0.248696
2026-04-13 16:58:34  INFO      No fills detected. 1 orders still open.
2026-04-13 16:58:34  INFO      State saved -- 1 tracked orders.
2026-04-13 16:58:34  INFO      Next cycle in 14.9 min

2026-04-13 17:13:28  INFO      -- Cycle 94 (ADA) ----------------------------------------
2026-04-13 17:13:29  INFO      ADA price: $0.246937
2026-04-13 17:13:35  INFO      No fills detected. 1 orders still open.
2026-04-13 17:13:35  INFO      State saved -- 1 tracked orders.
2026-04-13 17:13:35  INFO      Next cycle in 14.9 min

2026-04-13 17:28:28  INFO      -- Cycle 95 (ADA) ----------------------------------------
2026-04-13 17:28:29  INFO      ADA price: $0.245665
2026-04-13 17:28:35  INFO      No fills detected. 1 orders still open.
2026-04-13 17:28:35  INFO      State saved -- 1 tracked orders.
2026-04-13 17:28:35  INFO      Next cycle in 14.9 min

2026-04-13 17:43:28  INFO      -- Cycle 96 (ADA) ----------------------------------------
2026-04-13 17:43:29  INFO      ADA price: $0.246120
2026-04-13 17:43:35  INFO      No fills detected. 1 orders still open.
2026-04-13 17:43:35  INFO      State saved -- 1 tracked orders.
2026-04-13 17:43:35  INFO      Next cycle in 14.9 min

2026-04-13 17:58:28  INFO      -- Cycle 97 (ADA) ----------------------------------------
2026-04-13 17:58:29  INFO      ADA price: $0.245059
2026-04-13 17:58:34  INFO      No fills detected. 1 orders still open.
2026-04-13 17:58:34  INFO      State saved -- 1 tracked orders.
2026-04-13 17:58:34  INFO      Next cycle in 14.9 min

2026-04-13 18:13:28  INFO      -- Cycle 98 (ADA) ----------------------------------------
2026-04-13 18:13:29  INFO      ADA price: $0.245302
2026-04-13 18:13:35  INFO      No fills detected. 1 orders still open.
2026-04-13 18:13:35  INFO      State saved -- 1 tracked orders.
2026-04-13 18:13:35  INFO      Next cycle in 14.9 min

2026-04-13 18:28:28  INFO      -- Cycle 99 (ADA) ----------------------------------------
2026-04-13 18:28:29  INFO      ADA price: $0.245309
2026-04-13 18:28:35  INFO      No fills detected. 1 orders still open.
2026-04-13 18:28:35  INFO      State saved -- 1 tracked orders.
2026-04-13 18:28:35  INFO      Next cycle in 14.9 min

2026-04-13 18:43:28  INFO      -- Cycle 100 (ADA) ----------------------------------------
2026-04-13 18:43:29  INFO      ADA price: $0.246098
2026-04-13 18:43:36  INFO      No fills detected. 1 orders still open.
2026-04-13 18:43:36  INFO      State saved -- 1 tracked orders.
2026-04-13 18:43:36  INFO      Next cycle in 14.9 min

2026-04-13 18:58:28  INFO      -- Cycle 101 (ADA) ----------------------------------------
2026-04-13 18:58:29  INFO      ADA price: $0.245366
2026-04-13 18:58:35  INFO      No fills detected. 1 orders still open.
2026-04-13 18:58:35  INFO      State saved -- 1 tracked orders.
2026-04-13 18:58:35  INFO      Next cycle in 14.9 min

2026-04-13 19:13:28  INFO      -- Cycle 102 (ADA) ----------------------------------------
2026-04-13 19:13:29  INFO      ADA price: $0.246239
2026-04-13 19:13:35  INFO      No fills detected. 1 orders still open.
2026-04-13 19:13:35  INFO      State saved -- 1 tracked orders.
2026-04-13 19:13:35  INFO      Next cycle in 14.9 min

2026-04-13 19:28:28  INFO      -- Cycle 103 (ADA) ----------------------------------------
2026-04-13 19:28:29  INFO      ADA price: $0.245971
2026-04-13 19:28:35  INFO      No fills detected. 1 orders still open.
2026-04-13 19:28:35  INFO      State saved -- 1 tracked orders.
2026-04-13 19:28:35  INFO      Next cycle in 14.9 min

2026-04-13 19:43:28  INFO      -- Cycle 104 (ADA) ----------------------------------------
2026-04-13 19:43:29  INFO      ADA price: $0.245123
2026-04-13 19:43:35  INFO      No fills detected. 1 orders still open.
2026-04-13 19:43:35  INFO      State saved -- 1 tracked orders.
2026-04-13 19:43:35  INFO      Next cycle in 14.9 min

2026-04-13 19:58:28  INFO      -- Cycle 105 (ADA) ----------------------------------------
2026-04-13 19:58:29  INFO      ADA price: $0.244696
2026-04-13 19:58:34  INFO      No fills detected. 1 orders still open.
2026-04-13 19:58:34  INFO      State saved -- 1 tracked orders.
2026-04-13 19:58:34  INFO      Next cycle in 14.9 min

2026-04-13 20:13:28  INFO      -- Cycle 106 (ADA) ----------------------------------------
2026-04-13 20:13:29  INFO      ADA price: $0.244879
2026-04-13 20:13:34  INFO      No fills detected. 1 orders still open.
2026-04-13 20:13:34  INFO      State saved -- 1 tracked orders.
2026-04-13 20:13:34  INFO      Next cycle in 14.9 min

2026-04-13 20:28:28  INFO      -- Cycle 107 (ADA) ----------------------------------------
2026-04-13 20:28:29  INFO      ADA price: $0.245170
2026-04-13 20:28:35  INFO      No fills detected. 1 orders still open.
2026-04-13 20:28:35  INFO      State saved -- 1 tracked orders.
2026-04-13 20:28:35  INFO      Next cycle in 14.9 min

2026-04-13 20:43:28  INFO      -- Cycle 108 (ADA) ----------------------------------------
2026-04-13 20:43:29  INFO      ADA price: $0.245274
2026-04-13 20:43:35  INFO      No fills detected. 1 orders still open.
2026-04-13 20:43:35  INFO      State saved -- 1 tracked orders.
2026-04-13 20:43:35  INFO      Next cycle in 14.9 min

2026-04-13 20:58:28  INFO      -- Cycle 109 (ADA) ----------------------------------------
2026-04-13 20:58:29  INFO      ADA price: $0.244677
2026-04-13 20:58:35  INFO      No fills detected. 1 orders still open.
2026-04-13 20:58:35  INFO      State saved -- 1 tracked orders.
2026-04-13 20:58:35  INFO      Next cycle in 14.9 min

2026-04-13 21:13:28  INFO      -- Cycle 110 (ADA) ----------------------------------------
2026-04-13 21:13:29  INFO      ADA price: $0.245170
2026-04-13 21:13:35  INFO      No fills detected. 1 orders still open.
2026-04-13 21:13:35  INFO      State saved -- 1 tracked orders.
2026-04-13 21:13:35  INFO      Next cycle in 14.9 min

2026-04-13 21:28:28  INFO      -- Cycle 111 (ADA) ----------------------------------------
2026-04-13 21:28:30  INFO      ADA price: $0.245476
2026-04-13 21:28:35  INFO      No fills detected. 1 orders still open.
2026-04-13 21:28:35  INFO      State saved -- 1 tracked orders.
2026-04-13 21:28:35  INFO      Next cycle in 14.9 min

2026-04-13 21:43:28  INFO      -- Cycle 112 (ADA) ----------------------------------------
2026-04-13 21:43:29  INFO      ADA price: $0.244997
2026-04-13 21:43:35  INFO      No fills detected. 1 orders still open.
2026-04-13 21:43:35  INFO      State saved -- 1 tracked orders.
2026-04-13 21:43:35  INFO      Next cycle in 14.9 min

2026-04-13 21:58:28  INFO      -- Cycle 113 (ADA) ----------------------------------------
2026-04-13 21:58:30  INFO      ADA price: $0.244387
2026-04-13 21:58:35  INFO      No fills detected. 1 orders still open.
2026-04-13 21:58:35  INFO      State saved -- 1 tracked orders.
2026-04-13 21:58:35  INFO      Next cycle in 14.9 min

2026-04-13 22:13:28  INFO      -- Cycle 114 (ADA) ----------------------------------------
2026-04-13 22:13:29  INFO      ADA price: $0.243635
2026-04-13 22:13:34  INFO      No fills detected. 1 orders still open.
2026-04-13 22:13:34  INFO      State saved -- 1 tracked orders.
2026-04-13 22:13:34  INFO      Next cycle in 14.9 min

2026-04-13 22:28:28  INFO      -- Cycle 115 (ADA) ----------------------------------------
2026-04-13 22:28:29  INFO      ADA price: $0.243061
2026-04-13 22:28:34  INFO      No fills detected. 1 orders still open.
2026-04-13 22:28:34  INFO      State saved -- 1 tracked orders.
2026-04-13 22:28:34  INFO      Next cycle in 14.9 min

2026-04-13 22:43:28  INFO      -- Cycle 116 (ADA) ----------------------------------------
2026-04-13 22:43:29  INFO      ADA price: $0.242748
2026-04-13 22:43:34  INFO      No fills detected. 1 orders still open.
2026-04-13 22:43:34  INFO      State saved -- 1 tracked orders.
2026-04-13 22:43:34  INFO      Next cycle in 14.9 min

2026-04-13 22:58:28  INFO      -- Cycle 117 (ADA) ----------------------------------------
2026-04-13 22:58:29  INFO      ADA price: $0.241906
2026-04-13 22:58:34  INFO      No fills detected. 1 orders still open.
2026-04-13 22:58:34  INFO      State saved -- 1 tracked orders.
2026-04-13 22:58:34  INFO      Next cycle in 14.9 min

2026-04-13 23:13:28  INFO      -- Cycle 118 (ADA) ----------------------------------------
2026-04-13 23:13:29  INFO      ADA price: $0.242127
2026-04-13 23:13:34  INFO      No fills detected. 1 orders still open.
2026-04-13 23:13:34  INFO      State saved -- 1 tracked orders.
2026-04-13 23:13:34  INFO      Next cycle in 14.9 min

2026-04-13 23:28:28  INFO      -- Cycle 119 (ADA) ----------------------------------------
2026-04-13 23:28:29  INFO      ADA price: $0.243552
2026-04-13 23:28:34  INFO      No fills detected. 1 orders still open.
2026-04-13 23:28:34  INFO      State saved -- 1 tracked orders.
2026-04-13 23:28:34  INFO      Next cycle in 14.9 min

2026-04-13 23:43:28  INFO      -- Cycle 120 (ADA) ----------------------------------------
2026-04-13 23:43:30  INFO      ADA price: $0.243168
2026-04-13 23:43:34  INFO      No fills detected. 1 orders still open.
2026-04-13 23:43:34  INFO      State saved -- 1 tracked orders.
2026-04-13 23:43:34  INFO      Next cycle in 14.9 min

2026-04-13 23:58:28  INFO      -- Cycle 121 (ADA) ----------------------------------------
2026-04-13 23:58:30  INFO      ADA price: $0.243767
2026-04-13 23:58:34  INFO      No fills detected. 1 orders still open.
2026-04-13 23:58:34  INFO      State saved -- 1 tracked orders.
2026-04-13 23:58:34  INFO      Next cycle in 14.9 min

2026-04-14 00:13:28  INFO      -- Cycle 122 (ADA) ----------------------------------------
2026-04-14 00:13:29  INFO      ADA price: $0.244794
2026-04-14 00:13:34  INFO      No fills detected. 1 orders still open.
2026-04-14 00:13:34  INFO      State saved -- 1 tracked orders.
2026-04-14 00:13:34  INFO      Next cycle in 14.9 min

2026-04-14 00:28:28  INFO      -- Cycle 123 (ADA) ----------------------------------------
2026-04-14 00:28:30  INFO      ADA price: $0.244726
2026-04-14 00:28:34  INFO      No fills detected. 1 orders still open.
2026-04-14 00:28:34  INFO      State saved -- 1 tracked orders.
2026-04-14 00:28:34  INFO      Next cycle in 14.9 min

2026-04-14 00:43:28  INFO      -- Cycle 124 (ADA) ----------------------------------------
2026-04-14 00:43:29  INFO      ADA price: $0.243538
2026-04-14 00:43:34  INFO      No fills detected. 1 orders still open.
2026-04-14 00:43:34  INFO      State saved -- 1 tracked orders.
2026-04-14 00:43:34  INFO      Next cycle in 14.9 min

2026-04-14 00:58:28  INFO      -- Cycle 125 (ADA) ----------------------------------------
2026-04-14 00:58:30  INFO      ADA price: $0.243599
2026-04-14 00:58:34  INFO      No fills detected. 1 orders still open.
2026-04-14 00:58:34  INFO      State saved -- 1 tracked orders.
2026-04-14 00:58:34  INFO      Next cycle in 14.9 min

2026-04-14 01:13:28  INFO      -- Cycle 126 (ADA) ----------------------------------------
2026-04-14 01:13:30  INFO      ADA price: $0.242639
2026-04-14 01:13:34  INFO      No fills detected. 1 orders still open.
2026-04-14 01:13:34  INFO      State saved -- 1 tracked orders.
2026-04-14 01:13:34  INFO      Next cycle in 14.9 min

2026-04-14 01:28:28  INFO      -- Cycle 127 (ADA) ----------------------------------------
2026-04-14 01:28:30  INFO      ADA price: $0.243313
2026-04-14 01:28:35  INFO      No fills detected. 1 orders still open.
2026-04-14 01:28:35  INFO      State saved -- 1 tracked orders.
2026-04-14 01:28:35  INFO      Next cycle in 14.9 min

2026-04-14 01:43:28  INFO      -- Cycle 128 (ADA) ----------------------------------------
2026-04-14 01:43:29  INFO      ADA price: $0.244313
2026-04-14 01:43:34  INFO      No fills detected. 1 orders still open.
2026-04-14 01:43:34  INFO      State saved -- 1 tracked orders.
2026-04-14 01:43:34  INFO      Next cycle in 14.9 min

2026-04-14 01:58:28  INFO      -- Cycle 129 (ADA) ----------------------------------------
2026-04-14 01:58:30  INFO      ADA price: $0.244612
2026-04-14 01:58:34  INFO      No fills detected. 1 orders still open.
2026-04-14 01:58:34  INFO      State saved -- 1 tracked orders.
2026-04-14 01:58:34  INFO      Next cycle in 14.9 min

2026-04-14 02:13:28  INFO      -- Cycle 130 (ADA) ----------------------------------------
2026-04-14 02:13:29  INFO      ADA price: $0.244483
2026-04-14 02:13:34  INFO      No fills detected. 1 orders still open.
2026-04-14 02:13:34  INFO      State saved -- 1 tracked orders.
2026-04-14 02:13:34  INFO      Next cycle in 14.9 min

2026-04-14 02:28:28  INFO      -- Cycle 131 (ADA) ----------------------------------------
2026-04-14 02:28:30  INFO      ADA price: $0.243978
2026-04-14 02:28:35  INFO      No fills detected. 1 orders still open.
2026-04-14 02:28:35  INFO      State saved -- 1 tracked orders.
2026-04-14 02:28:35  INFO      Next cycle in 14.9 min

2026-04-14 02:43:28  INFO      -- Cycle 132 (ADA) ----------------------------------------
2026-04-14 02:43:30  INFO      ADA price: $0.243510
2026-04-14 02:43:34  INFO      No fills detected. 1 orders still open.
2026-04-14 02:43:34  INFO      State saved -- 1 tracked orders.
2026-04-14 02:43:34  INFO      Next cycle in 14.9 min

2026-04-14 02:58:29  INFO      -- Cycle 133 (ADA) ----------------------------------------
2026-04-14 02:58:30  INFO      ADA price: $0.244711
2026-04-14 02:58:34  INFO      No fills detected. 1 orders still open.
2026-04-14 02:58:34  INFO      State saved -- 1 tracked orders.
2026-04-14 02:58:34  INFO      Next cycle in 14.9 min

2026-04-14 03:13:29  INFO      -- Cycle 134 (ADA) ----------------------------------------
2026-04-14 03:13:30  INFO      ADA price: $0.244789
2026-04-14 03:13:34  INFO      No fills detected. 1 orders still open.
2026-04-14 03:13:34  INFO      State saved -- 1 tracked orders.
2026-04-14 03:13:34  INFO      Next cycle in 14.9 min

2026-04-14 03:28:29  INFO      -- Cycle 135 (ADA) ----------------------------------------
2026-04-14 03:28:30  INFO      ADA price: $0.244088
2026-04-14 03:28:35  INFO      No fills detected. 1 orders still open.
2026-04-14 03:28:35  INFO      State saved -- 1 tracked orders.
2026-04-14 03:28:35  INFO      Next cycle in 14.9 min

2026-04-14 03:43:29  INFO      -- Cycle 136 (ADA) ----------------------------------------
2026-04-14 03:43:30  INFO      ADA price: $0.244281
2026-04-14 03:43:34  INFO      No fills detected. 1 orders still open.
2026-04-14 03:43:34  INFO      State saved -- 1 tracked orders.
2026-04-14 03:43:34  INFO      Next cycle in 14.9 min

2026-04-14 03:58:29  INFO      -- Cycle 137 (ADA) ----------------------------------------
2026-04-14 03:58:30  INFO      ADA price: $0.243878
2026-04-14 03:58:34  INFO      No fills detected. 1 orders still open.
2026-04-14 03:58:34  INFO      State saved -- 1 tracked orders.
2026-04-14 03:58:34  INFO      Next cycle in 14.9 min

2026-04-14 04:13:29  INFO      -- Cycle 138 (ADA) ----------------------------------------
2026-04-14 04:13:30  INFO      ADA price: $0.244271
2026-04-14 04:13:34  INFO      No fills detected. 1 orders still open.
2026-04-14 04:13:34  INFO      State saved -- 1 tracked orders.
2026-04-14 04:13:34  INFO      Next cycle in 14.9 min

2026-04-14 04:28:29  INFO      -- Cycle 139 (ADA) ----------------------------------------
2026-04-14 04:28:30  INFO      ADA price: $0.243611
2026-04-14 04:28:34  INFO      No fills detected. 1 orders still open.
2026-04-14 04:28:34  INFO      State saved -- 1 tracked orders.
2026-04-14 04:28:34  INFO      Next cycle in 14.9 min

2026-04-14 04:43:29  INFO      -- Cycle 140 (ADA) ----------------------------------------
2026-04-14 04:43:30  INFO      ADA price: $0.243309
2026-04-14 04:43:34  INFO      No fills detected. 1 orders still open.
2026-04-14 04:43:34  INFO      State saved -- 1 tracked orders.
2026-04-14 04:43:34  INFO      Next cycle in 14.9 min

2026-04-14 04:58:29  INFO      -- Cycle 141 (ADA) ----------------------------------------
2026-04-14 04:58:30  INFO      ADA price: $0.243530
2026-04-14 04:58:34  INFO      No fills detected. 1 orders still open.
2026-04-14 04:58:34  INFO      State saved -- 1 tracked orders.
2026-04-14 04:58:34  INFO      Next cycle in 14.9 min

2026-04-14 05:13:29  INFO      -- Cycle 142 (ADA) ----------------------------------------
2026-04-14 05:13:30  INFO      ADA price: $0.243445
2026-04-14 05:13:34  INFO      No fills detected. 1 orders still open.
2026-04-14 05:13:34  INFO      State saved -- 1 tracked orders.
2026-04-14 05:13:34  INFO      Next cycle in 14.9 min

2026-04-14 05:28:29  INFO      -- Cycle 143 (ADA) ----------------------------------------
2026-04-14 05:28:30  INFO      ADA price: $0.243371
2026-04-14 05:28:35  INFO      No fills detected. 1 orders still open.
2026-04-14 05:28:35  INFO      State saved -- 1 tracked orders.
2026-04-14 05:28:35  INFO      Next cycle in 14.9 min

2026-04-14 05:43:29  INFO      -- Cycle 144 (ADA) ----------------------------------------
2026-04-14 05:43:30  INFO      ADA price: $0.243280
2026-04-14 05:43:34  INFO      No fills detected. 1 orders still open.
2026-04-14 05:43:34  INFO      State saved -- 1 tracked orders.
2026-04-14 05:43:34  INFO      Next cycle in 14.9 min

2026-04-14 05:58:29  INFO      -- Cycle 145 (ADA) ----------------------------------------
2026-04-14 05:58:30  INFO      ADA price: $0.243627
2026-04-14 05:58:34  INFO      No fills detected. 1 orders still open.
2026-04-14 05:58:34  INFO      State saved -- 1 tracked orders.
2026-04-14 05:58:34  INFO      Next cycle in 14.9 min

2026-04-14 06:13:29  INFO      -- Cycle 146 (ADA) ----------------------------------------
2026-04-14 06:13:30  INFO      ADA price: $0.243570
2026-04-14 06:13:34  INFO      No fills detected. 1 orders still open.
2026-04-14 06:13:34  INFO      State saved -- 1 tracked orders.
2026-04-14 06:13:34  INFO      Next cycle in 14.9 min

2026-04-14 06:28:29  INFO      -- Cycle 147 (ADA) ----------------------------------------
2026-04-14 06:28:30  INFO      ADA price: $0.244545
2026-04-14 06:28:35  INFO      No fills detected. 1 orders still open.
2026-04-14 06:28:35  INFO      State saved -- 1 tracked orders.
2026-04-14 06:28:35  INFO      Next cycle in 14.9 min

2026-04-14 06:43:29  INFO      -- Cycle 148 (ADA) ----------------------------------------
2026-04-14 06:43:30  INFO      ADA price: $0.246243
2026-04-14 06:43:35  INFO      No fills detected. 1 orders still open.
2026-04-14 06:43:35  INFO      State saved -- 1 tracked orders.
2026-04-14 06:43:35  INFO      Next cycle in 14.9 min

2026-04-14 06:58:29  INFO      -- Cycle 149 (ADA) ----------------------------------------
2026-04-14 06:58:30  INFO      ADA price: $0.248282
2026-04-14 06:58:35  INFO      No fills detected. 1 orders still open.
2026-04-14 06:58:35  INFO      State saved -- 1 tracked orders.
2026-04-14 06:58:35  INFO      Next cycle in 14.9 min

2026-04-14 07:13:29  INFO      -- Cycle 150 (ADA) ----------------------------------------
2026-04-14 07:13:30  INFO      ADA price: $0.247505
2026-04-14 07:13:35  INFO      No fills detected. 1 orders still open.
2026-04-14 07:13:35  INFO      State saved -- 1 tracked orders.
2026-04-14 07:13:35  INFO      Next cycle in 14.9 min

2026-04-14 07:28:29  INFO      -- Cycle 151 (ADA) ----------------------------------------
2026-04-14 07:28:30  INFO      ADA price: $0.247670
2026-04-14 07:28:36  INFO      No fills detected. 1 orders still open.
2026-04-14 07:28:36  INFO      State saved -- 1 tracked orders.
2026-04-14 07:28:36  INFO      Next cycle in 14.9 min

2026-04-14 07:43:29  INFO      -- Cycle 152 (ADA) ----------------------------------------
2026-04-14 07:43:30  INFO      ADA price: $0.246092
2026-04-14 07:43:35  INFO      No fills detected. 1 orders still open.
2026-04-14 07:43:35  INFO      State saved -- 1 tracked orders.
2026-04-14 07:43:35  INFO      Next cycle in 14.9 min

2026-04-14 07:58:29  INFO      -- Cycle 153 (ADA) ----------------------------------------
2026-04-14 07:58:30  INFO      ADA price: $0.246173
2026-04-14 07:58:35  INFO      No fills detected. 1 orders still open.
2026-04-14 07:58:35  INFO      State saved -- 1 tracked orders.
2026-04-14 07:58:35  INFO      Next cycle in 14.9 min

2026-04-14 08:13:29  INFO      -- Cycle 154 (ADA) ----------------------------------------
2026-04-14 08:13:30  INFO      ADA price: $0.244573
2026-04-14 08:13:35  INFO      No fills detected. 1 orders still open.
2026-04-14 08:13:35  INFO      State saved -- 1 tracked orders.
2026-04-14 08:13:35  INFO      Next cycle in 14.9 min

2026-04-14 08:28:29  INFO      -- Cycle 155 (ADA) ----------------------------------------
2026-04-14 08:28:30  INFO      ADA price: $0.244260
2026-04-14 08:28:35  INFO      No fills detected. 1 orders still open.
2026-04-14 08:28:35  INFO      State saved -- 1 tracked orders.
2026-04-14 08:28:35  INFO      Next cycle in 14.9 min

2026-04-14 08:43:29  INFO      -- Cycle 156 (ADA) ----------------------------------------
2026-04-14 08:43:30  INFO      ADA price: $0.245184
2026-04-14 08:43:35  INFO      No fills detected. 1 orders still open.
2026-04-14 08:43:35  INFO      State saved -- 1 tracked orders.
2026-04-14 08:43:35  INFO      Next cycle in 14.9 min

2026-04-14 08:58:29  INFO      -- Cycle 157 (ADA) ----------------------------------------
2026-04-14 08:58:30  INFO      ADA price: $0.244811
2026-04-14 08:58:35  INFO      No fills detected. 1 orders still open.
2026-04-14 08:58:35  INFO      State saved -- 1 tracked orders.
2026-04-14 08:58:35  INFO      Next cycle in 14.9 min

2026-04-14 09:13:29  INFO      -- Cycle 158 (ADA) ----------------------------------------
2026-04-14 09:13:30  INFO      ADA price: $0.245483
2026-04-14 09:13:35  INFO      No fills detected. 1 orders still open.
2026-04-14 09:13:35  INFO      State saved -- 1 tracked orders.
2026-04-14 09:13:35  INFO      Next cycle in 14.9 min

2026-04-14 09:28:29  INFO      -- Cycle 159 (ADA) ----------------------------------------
2026-04-14 09:28:30  INFO      ADA price: $0.245273
2026-04-14 09:28:35  INFO      No fills detected. 1 orders still open.
2026-04-14 09:28:35  INFO      State saved -- 1 tracked orders.
2026-04-14 09:28:35  INFO      Next cycle in 14.9 min

2026-04-14 09:43:29  INFO      -- Cycle 160 (ADA) ----------------------------------------
2026-04-14 09:43:30  INFO      ADA price: $0.245455
2026-04-14 09:43:35  INFO      No fills detected. 1 orders still open.
2026-04-14 09:43:35  INFO      State saved -- 1 tracked orders.
2026-04-14 09:43:35  INFO      Next cycle in 14.9 min

2026-04-14 09:58:29  INFO      -- Cycle 161 (ADA) ----------------------------------------
2026-04-14 09:58:30  INFO      ADA price: $0.243881
2026-04-14 09:58:34  INFO      No fills detected. 1 orders still open.
2026-04-14 09:58:34  INFO      State saved -- 1 tracked orders.
2026-04-14 09:58:34  INFO      Next cycle in 14.9 min

2026-04-14 10:13:29  INFO      -- Cycle 162 (ADA) ----------------------------------------
2026-04-14 10:13:30  INFO      ADA price: $0.244996
2026-04-14 10:13:35  INFO      No fills detected. 1 orders still open.
2026-04-14 10:13:35  INFO      State saved -- 1 tracked orders.
2026-04-14 10:13:35  INFO      Next cycle in 14.9 min

2026-04-14 10:28:29  INFO      -- Cycle 163 (ADA) ----------------------------------------
2026-04-14 10:28:30  INFO      ADA price: $0.244999
2026-04-14 10:28:35  INFO      No fills detected. 1 orders still open.
2026-04-14 10:28:35  INFO      State saved -- 1 tracked orders.
2026-04-14 10:28:35  INFO      Next cycle in 14.9 min

2026-04-14 10:43:29  INFO      -- Cycle 164 (ADA) ----------------------------------------
2026-04-14 10:43:30  INFO      ADA price: $0.243307
2026-04-14 10:43:35  INFO      No fills detected. 1 orders still open.
2026-04-14 10:43:35  INFO      State saved -- 1 tracked orders.
2026-04-14 10:43:35  INFO      Next cycle in 14.9 min

2026-04-14 10:58:29  INFO      -- Cycle 165 (ADA) ----------------------------------------
2026-04-14 10:58:30  INFO      ADA price: $0.244116
2026-04-14 10:58:35  INFO      No fills detected. 1 orders still open.
2026-04-14 10:58:35  INFO      State saved -- 1 tracked orders.
2026-04-14 10:58:35  INFO      Next cycle in 14.9 min

2026-04-14 11:13:29  INFO      -- Cycle 166 (ADA) ----------------------------------------
2026-04-14 11:13:30  INFO      ADA price: $0.243895
2026-04-14 11:13:35  INFO      No fills detected. 1 orders still open.
2026-04-14 11:13:35  INFO      State saved -- 1 tracked orders.
2026-04-14 11:13:35  INFO      Next cycle in 14.9 min

2026-04-14 11:28:29  INFO      -- Cycle 167 (ADA) ----------------------------------------
2026-04-14 11:28:30  INFO      ADA price: $0.242730
2026-04-14 11:28:35  INFO      No fills detected. 1 orders still open.
2026-04-14 11:28:35  INFO      State saved -- 1 tracked orders.
2026-04-14 11:28:35  INFO      Next cycle in 14.9 min

2026-04-14 11:43:29  INFO      -- Cycle 168 (ADA) ----------------------------------------
2026-04-14 11:43:30  INFO      ADA price: $0.242007
2026-04-14 11:43:35  INFO      No fills detected. 1 orders still open.
2026-04-14 11:43:35  INFO      State saved -- 1 tracked orders.
2026-04-14 11:43:35  INFO      Next cycle in 14.9 min

2026-04-14 11:58:29  INFO      -- Cycle 169 (ADA) ----------------------------------------
2026-04-14 11:58:30  INFO      ADA price: $0.240728
2026-04-14 11:58:35  INFO      No fills detected. 1 orders still open.
2026-04-14 11:58:35  INFO      State saved -- 1 tracked orders.
2026-04-14 11:58:35  INFO      Next cycle in 14.9 min

2026-04-14 12:13:29  INFO      -- Cycle 170 (ADA) ----------------------------------------
2026-04-14 12:13:30  INFO      ADA price: $0.241259
2026-04-14 12:13:35  INFO      No fills detected. 1 orders still open.
2026-04-14 12:13:35  INFO      State saved -- 1 tracked orders.
2026-04-14 12:13:35  INFO      Next cycle in 14.9 min

2026-04-14 12:28:29  INFO      -- Cycle 171 (ADA) ----------------------------------------
2026-04-14 12:28:30  INFO      ADA price: $0.240069
2026-04-14 12:28:35  INFO      No fills detected. 1 orders still open.
2026-04-14 12:28:35  INFO      State saved -- 1 tracked orders.
2026-04-14 12:28:35  INFO      Next cycle in 14.9 min

2026-04-14 12:43:29  INFO      -- Cycle 172 (ADA) ----------------------------------------
2026-04-14 12:43:30  INFO      ADA price: $0.240309
2026-04-14 12:43:35  INFO      No fills detected. 1 orders still open.
2026-04-14 12:43:35  INFO      State saved -- 1 tracked orders.
2026-04-14 12:43:35  INFO      Next cycle in 14.9 min

2026-04-14 12:58:29  INFO      -- Cycle 173 (ADA) ----------------------------------------
2026-04-14 12:58:30  INFO      ADA price: $0.240633
2026-04-14 12:58:35  INFO      No fills detected. 1 orders still open.
2026-04-14 12:58:35  INFO      State saved -- 1 tracked orders.
2026-04-14 12:58:35  INFO      Next cycle in 14.9 min

2026-04-14 13:13:29  INFO      -- Cycle 174 (ADA) ----------------------------------------
2026-04-14 13:13:30  INFO      ADA price: $0.240675
2026-04-14 13:13:35  INFO      No fills detected. 1 orders still open.
2026-04-14 13:13:35  INFO      State saved -- 1 tracked orders.
2026-04-14 13:13:35  INFO      Next cycle in 14.9 min

2026-04-14 13:28:29  INFO      -- Cycle 175 (ADA) ----------------------------------------
2026-04-14 13:28:29  ERROR     Failed to fetch price: 'NoneType' object is not subscriptable
2026-04-14 13:28:29  INFO      Next cycle in 15.0 min

2026-04-14 13:43:29  INFO      -- Cycle 175 (ADA) ----------------------------------------
2026-04-14 13:43:29  ERROR     Failed to fetch price: 'NoneType' object is not subscriptable
2026-04-14 13:43:29  INFO      Next cycle in 15.0 min

2026-04-14 13:58:29  INFO      -- Cycle 175 (ADA) ----------------------------------------
2026-04-14 13:58:29  ERROR     Failed to fetch price: 'NoneType' object is not subscriptable
2026-04-14 13:58:29  INFO      Next cycle in 15.0 min

2026-04-14 14:13:29  INFO      -- Cycle 175 (ADA) ----------------------------------------
2026-04-14 14:13:29  ERROR     Failed to fetch price: 'NoneType' object is not subscriptable
2026-04-14 14:13:29  INFO      Next cycle in 15.0 min

2026-04-14 14:28:29  INFO      -- Cycle 175 (ADA) ----------------------------------------
2026-04-14 14:28:29  ERROR     Failed to fetch price: 'NoneType' object is not subscriptable
2026-04-14 14:28:29  INFO      Next cycle in 15.0 min

2026-04-14 14:43:29  INFO      -- Cycle 175 (ADA) ----------------------------------------
2026-04-14 14:43:29  ERROR     Failed to fetch price: 'NoneType' object is not subscriptable
2026-04-14 14:43:29  INFO      Next cycle in 15.0 min

2026-04-14 14:58:29  INFO      -- Cycle 175 (ADA) ----------------------------------------
2026-04-14 14:58:30  ERROR     Failed to fetch price: 'NoneType' object is not subscriptable
2026-04-14 14:58:30  INFO      Next cycle in 15.0 min

2026-04-14 15:13:29  INFO      -- Cycle 175 (ADA) ----------------------------------------
2026-04-14 15:13:30  ERROR     Failed to fetch price: 'NoneType' object is not subscriptable
2026-04-14 15:13:30  INFO      Next cycle in 15.0 min

2026-04-14 15:28:29  INFO      -- Cycle 175 (ADA) ----------------------------------------
2026-04-14 15:28:30  ERROR     Failed to fetch price: 'NoneType' object is not subscriptable
2026-04-14 15:28:30  INFO      Next cycle in 15.0 min

2026-04-14 15:43:29  INFO      -- Cycle 175 (ADA) ----------------------------------------
2026-04-14 15:43:30  ERROR     Failed to fetch price: 'NoneType' object is not subscriptable
2026-04-14 15:43:30  INFO      Next cycle in 15.0 min

2026-04-14 15:58:29  INFO      -- Cycle 175 (ADA) ----------------------------------------
2026-04-14 15:58:30  ERROR     Failed to fetch price: 'NoneType' object is not subscriptable
2026-04-14 15:58:30  INFO      Next cycle in 15.0 min

2026-04-14 16:13:29  INFO      -- Cycle 175 (ADA) ----------------------------------------
2026-04-14 16:13:30  ERROR     Failed to fetch price: 'NoneType' object is not subscriptable
2026-04-14 16:13:30  INFO      Next cycle in 15.0 min

2026-04-14 16:28:29  INFO      -- Cycle 175 (ADA) ----------------------------------------
2026-04-14 16:28:30  ERROR     Failed to fetch price: 'NoneType' object is not subscriptable
2026-04-14 16:28:30  INFO      Next cycle in 15.0 min

2026-04-14 16:43:29  INFO      -- Cycle 175 (ADA) ----------------------------------------
2026-04-14 16:43:30  ERROR     Failed to fetch price: 'NoneType' object is not subscriptable
2026-04-14 16:43:30  INFO      Next cycle in 15.0 min

2026-04-14 16:58:29  INFO      -- Cycle 175 (ADA) ----------------------------------------
2026-04-14 16:58:30  ERROR     Failed to fetch price: 'NoneType' object is not subscriptable
2026-04-14 16:58:30  INFO      Next cycle in 15.0 min

