2026-04-14 17:03:29  INFO      Logging in to Robinhood...
2026-04-14 17:03:54  INFO      SOL 15m Grid Trader started | sweep=0.15 steps=20 order_pct=0.5 cm=12.0 interval=900s circuit_breaker=20%
2026-04-14 17:03:54  INFO      -- Cycle 197 (SOL) ----------------------------------------
2026-04-14 17:03:55  INFO      SOL price: $83.8946
2026-04-14 17:04:00  INFO      No fills detected. 2 orders still open.
2026-04-14 17:04:00  INFO      State saved -- 2 tracked orders.
2026-04-14 17:04:00  INFO      Next cycle in 14.9 min

2026-04-14 17:18:54  INFO      -- Cycle 198 (SOL) ----------------------------------------
2026-04-14 17:18:55  INFO      SOL price: $83.6560
2026-04-14 17:19:00  INFO      No fills detected. 2 orders still open.
2026-04-14 17:19:00  INFO      State saved -- 2 tracked orders.
2026-04-14 17:19:00  INFO      Next cycle in 14.9 min

2026-04-14 17:33:54  INFO      -- Cycle 199 (SOL) ----------------------------------------
2026-04-14 17:33:55  INFO      SOL price: $83.7504
2026-04-14 17:34:00  INFO      No fills detected. 2 orders still open.
2026-04-14 17:34:00  INFO      State saved -- 2 tracked orders.
2026-04-14 17:34:00  INFO      Next cycle in 14.9 min

2026-04-14 17:48:54  INFO      -- Cycle 200 (SOL) ----------------------------------------
2026-04-14 17:48:55  INFO      SOL price: $83.8501
2026-04-14 17:49:00  INFO      No fills detected. 2 orders still open.
2026-04-14 17:49:00  INFO      State saved -- 2 tracked orders.
2026-04-14 17:49:00  INFO      Next cycle in 14.9 min

2026-04-14 18:03:54  INFO      -- Cycle 201 (SOL) ----------------------------------------
2026-04-14 18:03:55  INFO      SOL price: $83.6982
2026-04-14 18:03:59  INFO      No fills detected. 2 orders still open.
2026-04-14 18:03:59  INFO      State saved -- 2 tracked orders.
2026-04-14 18:03:59  INFO      Next cycle in 14.9 min

2026-04-14 18:18:54  INFO      -- Cycle 202 (SOL) ----------------------------------------
2026-04-14 18:18:55  INFO      SOL price: $83.8150
2026-04-14 18:18:59  INFO      No fills detected. 2 orders still open.
2026-04-14 18:18:59  INFO      State saved -- 2 tracked orders.
2026-04-14 18:18:59  INFO      Next cycle in 14.9 min

2026-04-14 18:33:54  INFO      -- Cycle 203 (SOL) ----------------------------------------
2026-04-14 18:33:55  INFO      SOL price: $83.8472
2026-04-14 18:34:00  INFO      No fills detected. 2 orders still open.
2026-04-14 18:34:00  INFO      State saved -- 2 tracked orders.
2026-04-14 18:34:00  INFO      Next cycle in 14.9 min

2026-04-14 18:48:54  INFO      -- Cycle 204 (SOL) ----------------------------------------
2026-04-14 18:48:55  INFO      SOL price: $83.9335
2026-04-14 18:49:00  INFO      No fills detected. 2 orders still open.
2026-04-14 18:49:00  INFO      State saved -- 2 tracked orders.
2026-04-14 18:49:00  INFO      Next cycle in 14.9 min

2026-04-14 19:03:54  INFO      -- Cycle 205 (SOL) ----------------------------------------
2026-04-14 19:03:55  INFO      SOL price: $83.9425
2026-04-14 19:04:00  INFO      No fills detected. 2 orders still open.
2026-04-14 19:04:00  INFO      State saved -- 2 tracked orders.
2026-04-14 19:04:00  INFO      Next cycle in 14.9 min

2026-04-14 19:18:54  INFO      -- Cycle 206 (SOL) ----------------------------------------
2026-04-14 19:18:56  INFO      SOL price: $83.8601
2026-04-14 19:19:01  INFO      No fills detected. 2 orders still open.
2026-04-14 19:19:01  INFO      State saved -- 2 tracked orders.
2026-04-14 19:19:01  INFO      Next cycle in 14.9 min

2026-04-14 19:33:54  INFO      -- Cycle 207 (SOL) ----------------------------------------
2026-04-14 19:33:55  INFO      SOL price: $83.3893
2026-04-14 19:34:00  INFO      No fills detected. 2 orders still open.
2026-04-14 19:34:00  INFO      State saved -- 2 tracked orders.
2026-04-14 19:34:00  INFO      Next cycle in 14.9 min

2026-04-14 19:48:54  INFO      -- Cycle 208 (SOL) ----------------------------------------
2026-04-14 19:48:55  INFO      SOL price: $83.2929
2026-04-14 19:49:00  INFO      No fills detected. 2 orders still open.
2026-04-14 19:49:00  INFO      State saved -- 2 tracked orders.
2026-04-14 19:49:00  INFO      Next cycle in 14.9 min

2026-04-14 20:03:54  INFO      -- Cycle 209 (SOL) ----------------------------------------
2026-04-14 20:03:55  INFO      SOL price: $83.3809
2026-04-14 20:04:00  INFO      No fills detected. 2 orders still open.
2026-04-14 20:04:00  INFO      State saved -- 2 tracked orders.
2026-04-14 20:04:00  INFO      Next cycle in 14.9 min

2026-04-14 20:18:54  INFO      -- Cycle 210 (SOL) ----------------------------------------
2026-04-14 20:18:55  INFO      SOL price: $83.3566
2026-04-14 20:19:00  INFO      No fills detected. 2 orders still open.
2026-04-14 20:19:00  INFO      State saved -- 2 tracked orders.
2026-04-14 20:19:00  INFO      Next cycle in 14.9 min

2026-04-14 20:33:54  INFO      -- Cycle 211 (SOL) ----------------------------------------
2026-04-14 20:33:55  INFO      SOL price: $83.4639
2026-04-14 20:34:00  INFO      No fills detected. 2 orders still open.
2026-04-14 20:34:00  INFO      State saved -- 2 tracked orders.
2026-04-14 20:34:00  INFO      Next cycle in 14.9 min

2026-04-14 20:48:54  INFO      -- Cycle 212 (SOL) ----------------------------------------
2026-04-14 20:48:55  INFO      SOL price: $83.4304
2026-04-14 20:49:00  INFO      No fills detected. 2 orders still open.
2026-04-14 20:49:00  INFO      State saved -- 2 tracked orders.
2026-04-14 20:49:00  INFO      Next cycle in 14.9 min

2026-04-14 21:03:54  INFO      -- Cycle 213 (SOL) ----------------------------------------
2026-04-14 21:03:55  INFO      SOL price: $83.6862
2026-04-14 21:04:00  INFO      No fills detected. 2 orders still open.
2026-04-14 21:04:00  INFO      State saved -- 2 tracked orders.
2026-04-14 21:04:00  INFO      Next cycle in 14.9 min

2026-04-14 21:18:54  INFO      -- Cycle 214 (SOL) ----------------------------------------
2026-04-14 21:18:55  INFO      SOL price: $83.5749
2026-04-14 21:19:00  INFO      No fills detected. 2 orders still open.
2026-04-14 21:19:00  INFO      State saved -- 2 tracked orders.
2026-04-14 21:19:00  INFO      Next cycle in 14.9 min

2026-04-14 21:33:54  INFO      -- Cycle 215 (SOL) ----------------------------------------
2026-04-14 21:33:55  INFO      SOL price: $83.3971
2026-04-14 21:34:00  INFO      No fills detected. 2 orders still open.
2026-04-14 21:34:00  INFO      State saved -- 2 tracked orders.
2026-04-14 21:34:00  INFO      Next cycle in 14.9 min

2026-04-14 21:48:54  INFO      -- Cycle 216 (SOL) ----------------------------------------
2026-04-14 21:48:55  INFO      SOL price: $83.5029
2026-04-14 21:49:00  INFO      No fills detected. 2 orders still open.
2026-04-14 21:49:00  INFO      State saved -- 2 tracked orders.
2026-04-14 21:49:00  INFO      Next cycle in 14.9 min

2026-04-14 22:03:54  INFO      -- Cycle 217 (SOL) ----------------------------------------
2026-04-14 22:03:55  INFO      SOL price: $83.7689
2026-04-14 22:04:00  INFO      No fills detected. 2 orders still open.
2026-04-14 22:04:00  INFO      State saved -- 2 tracked orders.
2026-04-14 22:04:00  INFO      Next cycle in 14.9 min

2026-04-14 22:18:54  INFO      -- Cycle 218 (SOL) ----------------------------------------
2026-04-14 22:18:55  INFO      SOL price: $83.5273
2026-04-14 22:19:00  INFO      No fills detected. 2 orders still open.
2026-04-14 22:19:00  INFO      State saved -- 2 tracked orders.
2026-04-14 22:19:00  INFO      Next cycle in 14.9 min

2026-04-14 22:33:54  INFO      -- Cycle 219 (SOL) ----------------------------------------
2026-04-14 22:33:55  INFO      SOL price: $83.1757
2026-04-14 22:34:00  INFO      No fills detected. 2 orders still open.
2026-04-14 22:34:00  INFO      State saved -- 2 tracked orders.
2026-04-14 22:34:00  INFO      Next cycle in 14.9 min

2026-04-14 22:48:54  INFO      -- Cycle 220 (SOL) ----------------------------------------
2026-04-14 22:48:55  INFO      SOL price: $83.0449
2026-04-14 22:49:00  INFO      No fills detected. 2 orders still open.
2026-04-14 22:49:00  INFO      State saved -- 2 tracked orders.
2026-04-14 22:49:00  INFO      Next cycle in 14.9 min

2026-04-14 23:03:54  INFO      -- Cycle 221 (SOL) ----------------------------------------
2026-04-14 23:03:55  INFO      SOL price: $83.0113
2026-04-14 23:04:00  INFO      No fills detected. 2 orders still open.
2026-04-14 23:04:00  INFO      State saved -- 2 tracked orders.
2026-04-14 23:04:00  INFO      Next cycle in 14.9 min

2026-04-14 23:18:54  INFO      -- Cycle 222 (SOL) ----------------------------------------
2026-04-14 23:18:55  INFO      SOL price: $83.0581
2026-04-14 23:19:00  INFO      No fills detected. 2 orders still open.
2026-04-14 23:19:00  INFO      State saved -- 2 tracked orders.
2026-04-14 23:19:00  INFO      Next cycle in 14.9 min

2026-04-14 23:33:54  INFO      -- Cycle 223 (SOL) ----------------------------------------
2026-04-14 23:33:55  INFO      SOL price: $83.0879
2026-04-14 23:34:01  INFO      No fills detected. 2 orders still open.
2026-04-14 23:34:01  INFO      State saved -- 2 tracked orders.
2026-04-14 23:34:01  INFO      Next cycle in 14.9 min

2026-04-14 23:48:54  INFO      -- Cycle 224 (SOL) ----------------------------------------
2026-04-14 23:48:55  INFO      SOL price: $83.1220
2026-04-14 23:49:00  INFO      No fills detected. 2 orders still open.
2026-04-14 23:49:00  INFO      State saved -- 2 tracked orders.
2026-04-14 23:49:00  INFO      Next cycle in 14.9 min

2026-04-15 00:03:54  INFO      -- Cycle 225 (SOL) ----------------------------------------
2026-04-15 00:03:55  INFO      SOL price: $83.0487
2026-04-15 00:04:01  INFO      No fills detected. 2 orders still open.
2026-04-15 00:04:01  INFO      State saved -- 2 tracked orders.
2026-04-15 00:04:01  INFO      Next cycle in 14.9 min

2026-04-15 00:18:54  INFO      -- Cycle 226 (SOL) ----------------------------------------
2026-04-15 00:18:55  INFO      SOL price: $82.7513
2026-04-15 00:19:00  INFO      No fills detected. 2 orders still open.
2026-04-15 00:19:00  INFO      State saved -- 2 tracked orders.
2026-04-15 00:19:00  INFO      Next cycle in 14.9 min

2026-04-15 00:33:54  INFO      -- Cycle 227 (SOL) ----------------------------------------
2026-04-15 00:33:55  INFO      SOL price: $82.7700
2026-04-15 00:34:00  INFO      No fills detected. 2 orders still open.
2026-04-15 00:34:00  INFO      State saved -- 2 tracked orders.
2026-04-15 00:34:00  INFO      Next cycle in 14.9 min

2026-04-15 00:48:54  INFO      -- Cycle 228 (SOL) ----------------------------------------
2026-04-15 00:48:55  INFO      SOL price: $82.8915
2026-04-15 00:49:00  INFO      No fills detected. 2 orders still open.
2026-04-15 00:49:00  INFO      State saved -- 2 tracked orders.
2026-04-15 00:49:00  INFO      Next cycle in 14.9 min

2026-04-15 01:03:54  INFO      -- Cycle 229 (SOL) ----------------------------------------
2026-04-15 01:03:55  INFO      SOL price: $82.9111
2026-04-15 01:04:00  INFO      No fills detected. 2 orders still open.
2026-04-15 01:04:00  INFO      State saved -- 2 tracked orders.
2026-04-15 01:04:00  INFO      Next cycle in 14.9 min

2026-04-15 01:18:54  INFO      -- Cycle 230 (SOL) ----------------------------------------
2026-04-15 01:18:55  INFO      SOL price: $82.9477
2026-04-15 01:19:00  INFO      No fills detected. 2 orders still open.
2026-04-15 01:19:00  INFO      State saved -- 2 tracked orders.
2026-04-15 01:19:00  INFO      Next cycle in 14.9 min

2026-04-15 01:33:54  INFO      -- Cycle 231 (SOL) ----------------------------------------
2026-04-15 01:33:55  INFO      SOL price: $83.1535
2026-04-15 01:34:00  INFO      No fills detected. 2 orders still open.
2026-04-15 01:34:00  INFO      State saved -- 2 tracked orders.
2026-04-15 01:34:00  INFO      Next cycle in 14.9 min

2026-04-15 01:48:54  INFO      -- Cycle 232 (SOL) ----------------------------------------
2026-04-15 01:48:55  INFO      SOL price: $83.0965
2026-04-15 01:49:01  INFO      No fills detected. 2 orders still open.
2026-04-15 01:49:01  INFO      State saved -- 2 tracked orders.
2026-04-15 01:49:01  INFO      Next cycle in 14.9 min

2026-04-15 02:03:54  INFO      -- Cycle 233 (SOL) ----------------------------------------
2026-04-15 02:03:55  INFO      SOL price: $83.1232
2026-04-15 02:04:00  INFO      No fills detected. 2 orders still open.
2026-04-15 02:04:00  INFO      State saved -- 2 tracked orders.
2026-04-15 02:04:00  INFO      Next cycle in 14.9 min

2026-04-15 02:18:54  INFO      -- Cycle 234 (SOL) ----------------------------------------
2026-04-15 02:18:55  INFO      SOL price: $83.1614
2026-04-15 02:19:01  INFO      No fills detected. 2 orders still open.
2026-04-15 02:19:01  INFO      State saved -- 2 tracked orders.
2026-04-15 02:19:01  INFO      Next cycle in 14.9 min

2026-04-15 02:33:54  INFO      -- Cycle 235 (SOL) ----------------------------------------
2026-04-15 02:33:56  INFO      SOL price: $83.1339
2026-04-15 02:34:01  INFO      No fills detected. 2 orders still open.
2026-04-15 02:34:01  INFO      State saved -- 2 tracked orders.
2026-04-15 02:34:01  INFO      Next cycle in 14.9 min

2026-04-15 02:48:54  INFO      -- Cycle 236 (SOL) ----------------------------------------
2026-04-15 02:48:55  INFO      SOL price: $83.1656
2026-04-15 02:49:01  INFO      No fills detected. 2 orders still open.
2026-04-15 02:49:01  INFO      State saved -- 2 tracked orders.
2026-04-15 02:49:01  INFO      Next cycle in 14.9 min

2026-04-15 03:03:54  INFO      -- Cycle 237 (SOL) ----------------------------------------
2026-04-15 03:03:55  INFO      SOL price: $83.2240
2026-04-15 03:04:00  INFO      No fills detected. 2 orders still open.
2026-04-15 03:04:00  INFO      State saved -- 2 tracked orders.
2026-04-15 03:04:00  INFO      Next cycle in 14.9 min

2026-04-15 03:18:54  INFO      -- Cycle 238 (SOL) ----------------------------------------
2026-04-15 03:18:55  INFO      SOL price: $83.1311
2026-04-15 03:19:00  INFO      No fills detected. 2 orders still open.
2026-04-15 03:19:00  INFO      State saved -- 2 tracked orders.
2026-04-15 03:19:00  INFO      Next cycle in 14.9 min

2026-04-15 03:33:54  INFO      -- Cycle 239 (SOL) ----------------------------------------
2026-04-15 03:33:55  INFO      SOL price: $82.9827
2026-04-15 03:34:00  INFO      No fills detected. 2 orders still open.
2026-04-15 03:34:00  INFO      State saved -- 2 tracked orders.
2026-04-15 03:34:00  INFO      Next cycle in 14.9 min

2026-04-15 03:48:54  INFO      -- Cycle 240 (SOL) ----------------------------------------
2026-04-15 03:48:55  INFO      SOL price: $83.4700
2026-04-15 03:49:00  INFO      No fills detected. 2 orders still open.
2026-04-15 03:49:00  INFO      State saved -- 2 tracked orders.
2026-04-15 03:49:00  INFO      Next cycle in 14.9 min

2026-04-15 04:03:54  INFO      -- Cycle 241 (SOL) ----------------------------------------
2026-04-15 04:03:55  INFO      SOL price: $83.2415
2026-04-15 04:04:00  INFO      No fills detected. 2 orders still open.
2026-04-15 04:04:00  INFO      State saved -- 2 tracked orders.
2026-04-15 04:04:00  INFO      Next cycle in 14.9 min

2026-04-15 04:18:54  INFO      -- Cycle 242 (SOL) ----------------------------------------
2026-04-15 04:18:55  INFO      SOL price: $83.2314
2026-04-15 04:19:01  INFO      No fills detected. 2 orders still open.
2026-04-15 04:19:01  INFO      State saved -- 2 tracked orders.
2026-04-15 04:19:01  INFO      Next cycle in 14.9 min

2026-04-15 04:33:54  INFO      -- Cycle 243 (SOL) ----------------------------------------
2026-04-15 04:33:55  INFO      SOL price: $83.3237
2026-04-15 04:34:00  INFO      No fills detected. 2 orders still open.
2026-04-15 04:34:00  INFO      State saved -- 2 tracked orders.
2026-04-15 04:34:00  INFO      Next cycle in 14.9 min

2026-04-15 04:48:54  INFO      -- Cycle 244 (SOL) ----------------------------------------
2026-04-15 04:48:55  INFO      SOL price: $83.4713
2026-04-15 04:49:00  INFO      No fills detected. 2 orders still open.
2026-04-15 04:49:00  INFO      State saved -- 2 tracked orders.
2026-04-15 04:49:00  INFO      Next cycle in 14.9 min

2026-04-15 05:03:54  INFO      -- Cycle 245 (SOL) ----------------------------------------
2026-04-15 05:03:55  INFO      SOL price: $83.6522
2026-04-15 05:04:01  INFO      No fills detected. 2 orders still open.
2026-04-15 05:04:01  INFO      State saved -- 2 tracked orders.
2026-04-15 05:04:01  INFO      Next cycle in 14.9 min

2026-04-15 05:18:54  INFO      -- Cycle 246 (SOL) ----------------------------------------
2026-04-15 05:18:56  INFO      SOL price: $83.5360
2026-04-15 05:19:01  INFO      No fills detected. 2 orders still open.
2026-04-15 05:19:01  INFO      State saved -- 2 tracked orders.
2026-04-15 05:19:01  INFO      Next cycle in 14.9 min

2026-04-15 05:33:54  INFO      -- Cycle 247 (SOL) ----------------------------------------
2026-04-15 05:33:56  INFO      SOL price: $83.5742
2026-04-15 05:34:00  INFO      No fills detected. 2 orders still open.
2026-04-15 05:34:00  INFO      State saved -- 2 tracked orders.
2026-04-15 05:34:00  INFO      Next cycle in 14.9 min

2026-04-15 05:48:54  INFO      -- Cycle 248 (SOL) ----------------------------------------
2026-04-15 05:48:56  INFO      SOL price: $83.8326
2026-04-15 05:49:00  INFO      No fills detected. 2 orders still open.
2026-04-15 05:49:00  INFO      State saved -- 2 tracked orders.
2026-04-15 05:49:00  INFO      Next cycle in 14.9 min

2026-04-15 06:03:54  INFO      -- Cycle 249 (SOL) ----------------------------------------
2026-04-15 06:03:56  INFO      SOL price: $83.5700
2026-04-15 06:04:00  INFO      No fills detected. 2 orders still open.
2026-04-15 06:04:00  INFO      State saved -- 2 tracked orders.
2026-04-15 06:04:00  INFO      Next cycle in 14.9 min

2026-04-15 06:18:54  INFO      -- Cycle 250 (SOL) ----------------------------------------
2026-04-15 06:18:56  INFO      SOL price: $83.6716
2026-04-15 06:19:01  INFO      No fills detected. 2 orders still open.
2026-04-15 06:19:01  INFO      State saved -- 2 tracked orders.
2026-04-15 06:19:01  INFO      Next cycle in 14.9 min

2026-04-15 06:33:54  INFO      -- Cycle 251 (SOL) ----------------------------------------
2026-04-15 06:33:56  INFO      SOL price: $83.6266
2026-04-15 06:34:00  INFO      No fills detected. 2 orders still open.
2026-04-15 06:34:00  INFO      State saved -- 2 tracked orders.
2026-04-15 06:34:00  INFO      Next cycle in 14.9 min

2026-04-15 06:48:55  INFO      -- Cycle 252 (SOL) ----------------------------------------
2026-04-15 06:48:55  INFO      SOL price: $83.3029
2026-04-15 06:49:00  INFO      No fills detected. 2 orders still open.
2026-04-15 06:49:00  INFO      State saved -- 2 tracked orders.
2026-04-15 06:49:00  INFO      Next cycle in 14.9 min

2026-04-15 07:03:55  INFO      -- Cycle 253 (SOL) ----------------------------------------
2026-04-15 07:03:56  INFO      SOL price: $83.6824
2026-04-15 07:04:00  INFO      No fills detected. 2 orders still open.
2026-04-15 07:04:00  INFO      State saved -- 2 tracked orders.
2026-04-15 07:04:00  INFO      Next cycle in 14.9 min

2026-04-15 07:18:55  INFO      -- Cycle 254 (SOL) ----------------------------------------
2026-04-15 07:18:56  INFO      SOL price: $84.1622
2026-04-15 07:19:01  INFO      No fills detected. 2 orders still open.
2026-04-15 07:19:01  INFO      State saved -- 2 tracked orders.
2026-04-15 07:19:01  INFO      Next cycle in 14.9 min

2026-04-15 07:33:55  INFO      -- Cycle 255 (SOL) ----------------------------------------
2026-04-15 07:33:56  INFO      SOL price: $84.2082
2026-04-15 07:34:01  INFO        Order 69dbf2f6... was canceled -- skipping counter
2026-04-15 07:34:01  INFO        Order 69dbf2f7... was canceled -- skipping counter
2026-04-15 07:34:01  INFO      No fills detected. 0 orders still open.
2026-04-15 07:34:01  INFO      State saved -- 2 tracked orders.
2026-04-15 07:34:01  INFO      Next cycle in 14.9 min

2026-04-15 07:48:55  INFO      -- Cycle 256 (SOL) ----------------------------------------
2026-04-15 07:48:56  INFO      SOL price: $84.1772
2026-04-15 07:49:00  INFO        Order 69dbf2f6... was canceled -- skipping counter
2026-04-15 07:49:00  INFO        Order 69dbf2f7... was canceled -- skipping counter
2026-04-15 07:49:00  INFO      No fills detected. 0 orders still open.
2026-04-15 07:49:00  INFO      State saved -- 2 tracked orders.
2026-04-15 07:49:00  INFO      Next cycle in 14.9 min

2026-04-15 08:03:55  INFO      -- Cycle 257 (SOL) ----------------------------------------
2026-04-15 08:03:56  INFO      SOL price: $84.4437
2026-04-15 08:04:01  INFO        Order 69dbf2f6... was canceled -- skipping counter
2026-04-15 08:04:01  INFO        Order 69dbf2f7... was canceled -- skipping counter
2026-04-15 08:04:01  INFO      No fills detected. 0 orders still open.
2026-04-15 08:04:01  INFO      State saved -- 2 tracked orders.
2026-04-15 08:04:01  INFO      Next cycle in 14.9 min

2026-04-15 08:18:55  INFO      -- Cycle 258 (SOL) ----------------------------------------
2026-04-15 08:18:56  INFO      SOL price: $84.2215
2026-04-15 08:19:01  INFO        Order 69dbf2f6... was canceled -- skipping counter
2026-04-15 08:19:01  INFO        Order 69dbf2f7... was canceled -- skipping counter
2026-04-15 08:19:01  INFO      No fills detected. 0 orders still open.
2026-04-15 08:19:01  INFO      State saved -- 2 tracked orders.
2026-04-15 08:19:01  INFO      Next cycle in 14.9 min

2026-04-15 08:33:55  INFO      -- Cycle 259 (SOL) ----------------------------------------
2026-04-15 08:33:56  INFO      SOL price: $83.6379
2026-04-15 08:34:01  INFO        Order 69dbf2f6... was canceled -- skipping counter
2026-04-15 08:34:01  INFO        Order 69dbf2f7... was canceled -- skipping counter
2026-04-15 08:34:01  INFO      No fills detected. 0 orders still open.
2026-04-15 08:34:01  INFO      State saved -- 2 tracked orders.
2026-04-15 08:34:01  INFO      Next cycle in 14.9 min

2026-04-15 08:48:55  INFO      -- Cycle 260 (SOL) ----------------------------------------
2026-04-15 08:48:56  INFO      SOL price: $84.0449
2026-04-15 08:49:01  INFO        Order 69dbf2f6... was canceled -- skipping counter
2026-04-15 08:49:01  INFO        Order 69dbf2f7... was canceled -- skipping counter
2026-04-15 08:49:01  INFO      No fills detected. 0 orders still open.
2026-04-15 08:49:01  INFO      State saved -- 2 tracked orders.
2026-04-15 08:49:01  INFO      Next cycle in 14.9 min

2026-04-15 09:03:55  INFO      -- Cycle 261 (SOL) ----------------------------------------
2026-04-15 09:03:56  INFO      SOL price: $84.2104
2026-04-15 09:04:01  INFO        Order 69dbf2f6... was canceled -- skipping counter
2026-04-15 09:04:01  INFO        Order 69dbf2f7... was canceled -- skipping counter
2026-04-15 09:04:01  INFO      No fills detected. 0 orders still open.
2026-04-15 09:04:01  INFO      State saved -- 2 tracked orders.
2026-04-15 09:04:01  INFO      Next cycle in 14.9 min

2026-04-15 09:18:55  INFO      -- Cycle 262 (SOL) ----------------------------------------
2026-04-15 09:18:56  INFO      SOL price: $84.6416
2026-04-15 09:19:01  INFO        Order 69dbf2f6... was canceled -- skipping counter
2026-04-15 09:19:01  INFO        Order 69dbf2f7... was canceled -- skipping counter
2026-04-15 09:19:01  INFO      No fills detected. 0 orders still open.
2026-04-15 09:19:01  INFO      State saved -- 2 tracked orders.
2026-04-15 09:19:01  INFO      Next cycle in 14.9 min

2026-04-15 09:33:55  INFO      -- Cycle 263 (SOL) ----------------------------------------
2026-04-15 09:33:57  INFO      SOL price: $84.4584
2026-04-15 09:34:02  INFO        Order 69dbf2f6... was canceled -- skipping counter
2026-04-15 09:34:02  INFO        Order 69dbf2f7... was canceled -- skipping counter
2026-04-15 09:34:02  INFO      No fills detected. 0 orders still open.
2026-04-15 09:34:02  INFO      State saved -- 2 tracked orders.
2026-04-15 09:34:02  INFO      Next cycle in 14.9 min

2026-04-15 09:48:55  INFO      -- Cycle 264 (SOL) ----------------------------------------
2026-04-15 09:48:56  INFO      SOL price: $84.3427
2026-04-15 09:49:01  INFO        Order 69dbf2f6... was canceled -- skipping counter
2026-04-15 09:49:01  INFO        Order 69dbf2f7... was canceled -- skipping counter
2026-04-15 09:49:01  INFO      No fills detected. 0 orders still open.
2026-04-15 09:49:01  INFO      State saved -- 2 tracked orders.
2026-04-15 09:49:01  INFO      Next cycle in 14.9 min

2026-04-15 10:03:55  INFO      -- Cycle 265 (SOL) ----------------------------------------
2026-04-15 10:03:56  INFO      SOL price: $84.6680
2026-04-15 10:04:01  INFO        Order 69dbf2f6... was canceled -- skipping counter
2026-04-15 10:04:01  INFO        Order 69dbf2f7... was canceled -- skipping counter
2026-04-15 10:04:01  INFO      No fills detected. 0 orders still open.
2026-04-15 10:04:01  INFO      State saved -- 2 tracked orders.
2026-04-15 10:04:01  INFO      Next cycle in 14.9 min

2026-04-15 10:18:55  INFO      -- Cycle 266 (SOL) ----------------------------------------
2026-04-15 10:18:56  INFO      SOL price: $84.6580
2026-04-15 10:19:01  INFO        Order 69dbf2f6... was canceled -- skipping counter
2026-04-15 10:19:01  INFO        Order 69dbf2f7... was canceled -- skipping counter
2026-04-15 10:19:01  INFO      No fills detected. 0 orders still open.
2026-04-15 10:19:01  INFO      State saved -- 2 tracked orders.
2026-04-15 10:19:01  INFO      Next cycle in 14.9 min

2026-04-15 10:33:55  INFO      -- Cycle 267 (SOL) ----------------------------------------
2026-04-15 10:33:56  INFO      SOL price: $84.9129
2026-04-15 10:34:01  INFO        Order 69dbf2f6... was canceled -- skipping counter
2026-04-15 10:34:01  INFO        Order 69dbf2f7... was canceled -- skipping counter
2026-04-15 10:34:01  INFO      No fills detected. 0 orders still open.
2026-04-15 10:34:01  INFO      State saved -- 2 tracked orders.
2026-04-15 10:34:01  INFO      Next cycle in 14.9 min

2026-04-15 10:48:55  INFO      -- Cycle 268 (SOL) ----------------------------------------
2026-04-15 10:48:56  INFO      SOL price: $84.5284
2026-04-15 10:49:00  INFO        Order 69dbf2f6... was canceled -- skipping counter
2026-04-15 10:49:01  INFO        Order 69dbf2f7... was canceled -- skipping counter
2026-04-15 10:49:01  INFO      No fills detected. 0 orders still open.
2026-04-15 10:49:01  INFO      State saved -- 2 tracked orders.
2026-04-15 10:49:01  INFO      Next cycle in 14.9 min

2026-04-15 11:03:55  INFO      -- Cycle 269 (SOL) ----------------------------------------
2026-04-15 11:03:56  INFO      SOL price: $84.8503
2026-04-15 11:04:01  INFO        Order 69dbf2f6... was canceled -- skipping counter
2026-04-15 11:04:01  INFO        Order 69dbf2f7... was canceled -- skipping counter
2026-04-15 11:04:01  INFO      No fills detected. 0 orders still open.
2026-04-15 11:04:01  INFO      State saved -- 2 tracked orders.
2026-04-15 11:04:01  INFO      Next cycle in 14.9 min

2026-04-15 11:18:55  INFO      -- Cycle 270 (SOL) ----------------------------------------
2026-04-15 11:18:56  INFO      SOL price: $84.9697
2026-04-15 11:19:01  INFO        Order 69dbf2f6... was canceled -- skipping counter
2026-04-15 11:19:01  INFO        Order 69dbf2f7... was canceled -- skipping counter
2026-04-15 11:19:01  INFO      No fills detected. 0 orders still open.
2026-04-15 11:19:01  INFO      State saved -- 2 tracked orders.
2026-04-15 11:19:01  INFO      Next cycle in 14.9 min

2026-04-15 11:33:55  INFO      -- Cycle 271 (SOL) ----------------------------------------
2026-04-15 11:33:56  INFO      SOL price: $84.9399
2026-04-15 11:34:01  INFO        Order 69dbf2f6... was canceled -- skipping counter
2026-04-15 11:34:01  INFO        Order 69dbf2f7... was canceled -- skipping counter
2026-04-15 11:34:01  INFO      No fills detected. 0 orders still open.
2026-04-15 11:34:01  INFO      State saved -- 2 tracked orders.
2026-04-15 11:34:01  INFO      Next cycle in 14.9 min

2026-04-15 11:48:55  INFO      -- Cycle 272 (SOL) ----------------------------------------
2026-04-15 11:48:56  INFO      SOL price: $84.9674
2026-04-15 11:49:01  INFO        Order 69dbf2f6... was canceled -- skipping counter
2026-04-15 11:49:01  INFO        Order 69dbf2f7... was canceled -- skipping counter
2026-04-15 11:49:01  INFO      No fills detected. 0 orders still open.
2026-04-15 11:49:01  INFO      State saved -- 2 tracked orders.
2026-04-15 11:49:01  INFO      Next cycle in 14.9 min

2026-04-15 12:03:55  INFO      -- Cycle 273 (SOL) ----------------------------------------
2026-04-15 12:03:56  INFO      SOL price: $85.1015
2026-04-15 12:04:00  INFO        Order 69dbf2f6... was canceled -- skipping counter
2026-04-15 12:04:01  INFO        Order 69dbf2f7... was canceled -- skipping counter
2026-04-15 12:04:01  INFO      No fills detected. 0 orders still open.
2026-04-15 12:04:01  INFO      State saved -- 2 tracked orders.
2026-04-15 12:04:01  INFO      Next cycle in 14.9 min

2026-04-15 12:18:55  INFO      -- Cycle 274 (SOL) ----------------------------------------
2026-04-15 12:18:56  INFO      SOL price: $85.1825
2026-04-15 12:19:01  INFO        Order 69dbf2f6... was canceled -- skipping counter
2026-04-15 12:19:01  INFO        Order 69dbf2f7... was canceled -- skipping counter
2026-04-15 12:19:01  INFO      No fills detected. 0 orders still open.
2026-04-15 12:19:01  INFO      State saved -- 2 tracked orders.
2026-04-15 12:19:01  INFO      Next cycle in 14.9 min

2026-04-15 12:33:55  INFO      -- Cycle 275 (SOL) ----------------------------------------
2026-04-15 12:33:56  INFO      SOL price: $85.3059
2026-04-15 12:34:01  INFO        Order 69dbf2f6... was canceled -- skipping counter
2026-04-15 12:34:01  INFO        Order 69dbf2f7... was canceled -- skipping counter
2026-04-15 12:34:01  INFO      No fills detected. 0 orders still open.
2026-04-15 12:34:01  INFO      State saved -- 2 tracked orders.
2026-04-15 12:34:01  INFO      Next cycle in 14.9 min

2026-04-15 12:48:55  INFO      -- Cycle 276 (SOL) ----------------------------------------
2026-04-15 12:48:56  INFO      SOL price: $85.5350
2026-04-15 12:49:01  INFO        Order 69dbf2f6... was canceled -- skipping counter
2026-04-15 12:49:01  INFO        Order 69dbf2f7... was canceled -- skipping counter
2026-04-15 12:49:01  INFO      No fills detected. 0 orders still open.
2026-04-15 12:49:01  INFO      State saved -- 2 tracked orders.
2026-04-15 12:49:01  INFO      Next cycle in 14.9 min

2026-04-15 13:03:55  INFO      -- Cycle 277 (SOL) ----------------------------------------
2026-04-15 13:03:56  INFO      SOL price: $85.3224
2026-04-15 13:04:01  INFO        Order 69dbf2f6... was canceled -- skipping counter
2026-04-15 13:04:01  INFO        Order 69dbf2f7... was canceled -- skipping counter
2026-04-15 13:04:01  INFO      No fills detected. 0 orders still open.
2026-04-15 13:04:01  INFO      State saved -- 2 tracked orders.
2026-04-15 13:04:01  INFO      Next cycle in 14.9 min

2026-04-15 13:18:55  INFO      -- Cycle 278 (SOL) ----------------------------------------
2026-04-15 13:18:56  INFO      SOL price: $84.7653
2026-04-15 13:19:02  INFO        Order 69dbf2f6... was canceled -- skipping counter
2026-04-15 13:19:02  INFO        Order 69dbf2f7... was canceled -- skipping counter
2026-04-15 13:19:02  INFO      No fills detected. 0 orders still open.
2026-04-15 13:19:02  INFO      State saved -- 2 tracked orders.
2026-04-15 13:19:02  INFO      Next cycle in 14.9 min

2026-04-15 13:33:55  INFO      -- Cycle 279 (SOL) ----------------------------------------
2026-04-15 13:33:56  INFO      SOL price: $84.8085
2026-04-15 13:34:01  INFO        Order 69dbf2f6... was canceled -- skipping counter
2026-04-15 13:34:01  INFO        Order 69dbf2f7... was canceled -- skipping counter
2026-04-15 13:34:01  INFO      No fills detected. 0 orders still open.
2026-04-15 13:34:01  INFO      State saved -- 2 tracked orders.
2026-04-15 13:34:01  INFO      Next cycle in 14.9 min

2026-04-15 13:48:55  INFO      -- Cycle 280 (SOL) ----------------------------------------
2026-04-15 13:48:56  INFO      SOL price: $84.7863
2026-04-15 13:49:02  INFO        Order 69dbf2f6... was canceled -- skipping counter
2026-04-15 13:49:02  INFO        Order 69dbf2f7... was canceled -- skipping counter
2026-04-15 13:49:02  INFO      No fills detected. 0 orders still open.
2026-04-15 13:49:02  INFO      State saved -- 2 tracked orders.
2026-04-15 13:49:02  INFO      Next cycle in 14.9 min

2026-04-15 14:03:55  INFO      -- Cycle 281 (SOL) ----------------------------------------
2026-04-15 14:03:56  INFO      SOL price: $84.7594
2026-04-15 14:04:01  INFO        Order 69dbf2f6... was canceled -- skipping counter
2026-04-15 14:04:01  INFO        Order 69dbf2f7... was canceled -- skipping counter
2026-04-15 14:04:01  INFO      No fills detected. 0 orders still open.
2026-04-15 14:04:02  INFO      State saved -- 2 tracked orders.
2026-04-15 14:04:02  INFO      Next cycle in 14.9 min

2026-04-15 14:18:55  INFO      -- Cycle 282 (SOL) ----------------------------------------
2026-04-15 14:18:56  INFO      SOL price: $84.3189
2026-04-15 14:19:02  INFO        Order 69dbf2f6... was canceled -- skipping counter
2026-04-15 14:19:02  INFO        Order 69dbf2f7... was canceled -- skipping counter
2026-04-15 14:19:02  INFO      No fills detected. 0 orders still open.
2026-04-15 14:19:02  INFO      State saved -- 2 tracked orders.
2026-04-15 14:19:02  INFO      Next cycle in 14.9 min

2026-04-15 14:33:55  INFO      -- Cycle 283 (SOL) ----------------------------------------
2026-04-15 14:33:56  INFO      SOL price: $84.4264
2026-04-15 14:34:01  INFO        Order 69dbf2f6... was canceled -- skipping counter
2026-04-15 14:34:01  INFO        Order 69dbf2f7... was canceled -- skipping counter
2026-04-15 14:34:01  INFO      No fills detected. 0 orders still open.
2026-04-15 14:34:01  INFO      State saved -- 2 tracked orders.
2026-04-15 14:34:01  INFO      Next cycle in 14.9 min

2026-04-15 14:48:55  INFO      -- Cycle 284 (SOL) ----------------------------------------
2026-04-15 14:48:56  INFO      SOL price: $84.7482
2026-04-15 14:49:01  INFO        Order 69dbf2f6... was canceled -- skipping counter
2026-04-15 14:49:01  INFO        Order 69dbf2f7... was canceled -- skipping counter
2026-04-15 14:49:01  INFO      No fills detected. 0 orders still open.
2026-04-15 14:49:01  INFO      State saved -- 2 tracked orders.
2026-04-15 14:49:01  INFO      Next cycle in 14.9 min

2026-04-15 15:03:55  INFO      -- Cycle 285 (SOL) ----------------------------------------
2026-04-15 15:03:56  INFO      SOL price: $85.0637
2026-04-15 15:04:02  INFO        Order 69dbf2f6... was canceled -- skipping counter
2026-04-15 15:04:02  INFO        Order 69dbf2f7... was canceled -- skipping counter
2026-04-15 15:04:02  INFO      No fills detected. 0 orders still open.
2026-04-15 15:04:02  INFO      State saved -- 2 tracked orders.
2026-04-15 15:04:02  INFO      Next cycle in 14.9 min

2026-04-15 15:18:55  INFO      -- Cycle 286 (SOL) ----------------------------------------
2026-04-15 15:18:56  INFO      SOL price: $85.0953
2026-04-15 15:19:01  INFO        Order 69dbf2f6... was canceled -- skipping counter
2026-04-15 15:19:01  INFO        Order 69dbf2f7... was canceled -- skipping counter
2026-04-15 15:19:01  INFO      No fills detected. 0 orders still open.
2026-04-15 15:19:01  INFO      State saved -- 2 tracked orders.
2026-04-15 15:19:01  INFO      Next cycle in 14.9 min

2026-04-15 15:33:55  INFO      -- Cycle 287 (SOL) ----------------------------------------
2026-04-15 15:33:56  INFO      SOL price: $85.1733
2026-04-15 15:34:01  INFO        Order 69dbf2f6... was canceled -- skipping counter
2026-04-15 15:34:01  INFO        Order 69dbf2f7... was canceled -- skipping counter
2026-04-15 15:34:01  INFO      No fills detected. 0 orders still open.
2026-04-15 15:34:01  INFO      State saved -- 2 tracked orders.
2026-04-15 15:34:01  INFO      Next cycle in 14.9 min

2026-04-15 15:48:55  INFO      -- Cycle 288 (SOL) ----------------------------------------
2026-04-15 15:48:56  INFO      SOL price: $85.3368
2026-04-15 15:49:01  INFO        Order 69dbf2f6... was canceled -- skipping counter
2026-04-15 15:49:01  INFO        Order 69dbf2f7... was canceled -- skipping counter
2026-04-15 15:49:01  INFO      No fills detected. 0 orders still open.
2026-04-15 15:49:01  INFO      State saved -- 2 tracked orders.
2026-04-15 15:49:01  INFO      Next cycle in 14.9 min

2026-04-15 16:03:55  INFO      -- Cycle 289 (SOL) ----------------------------------------
2026-04-15 16:03:56  INFO      SOL price: $84.8643
2026-04-15 16:04:01  INFO        Order 69dbf2f6... was canceled -- skipping counter
2026-04-15 16:04:02  INFO        Order 69dbf2f7... was canceled -- skipping counter
2026-04-15 16:04:02  INFO      No fills detected. 0 orders still open.
2026-04-15 16:04:02  INFO      State saved -- 2 tracked orders.
2026-04-15 16:04:02  INFO      Next cycle in 14.9 min

2026-04-15 16:18:55  INFO      -- Cycle 290 (SOL) ----------------------------------------
2026-04-15 16:18:56  INFO      SOL price: $84.7240
2026-04-15 16:19:02  INFO        Order 69dbf2f6... was canceled -- skipping counter
2026-04-15 16:19:02  INFO        Order 69dbf2f7... was canceled -- skipping counter
2026-04-15 16:19:02  INFO      No fills detected. 0 orders still open.
2026-04-15 16:19:02  INFO      State saved -- 2 tracked orders.
2026-04-15 16:19:02  INFO      Next cycle in 14.9 min

2026-04-15 16:33:55  INFO      -- Cycle 291 (SOL) ----------------------------------------
2026-04-15 16:33:56  INFO      SOL price: $84.8327
2026-04-15 16:34:02  INFO        Order 69dbf2f6... was canceled -- skipping counter
2026-04-15 16:34:02  INFO        Order 69dbf2f7... was canceled -- skipping counter
2026-04-15 16:34:02  INFO      No fills detected. 0 orders still open.
2026-04-15 16:34:02  INFO      State saved -- 2 tracked orders.
2026-04-15 16:34:02  INFO      Next cycle in 14.9 min

